Log file open, 03/06/19 07:36:07
LogWindows: Failed to load 'aqProf.dll' (GetLastError=126)
LogWindows: File 'aqProf.dll' does not exist
LogWindows: Failed to load 'VtuneApi.dll' (GetLastError=126)
LogWindows: File 'VtuneApi.dll' does not exist
LogWindows: Failed to load 'VtuneApi32e.dll' (GetLastError=126)
LogWindows: File 'VtuneApi32e.dll' does not exist
LogConsoleResponse: Display: Failed to find resolution value strings in scalability ini. Falling back to default.
LogInit: Display: Running engine for game: Inventory
LogPakFile: Registered encryption key '00000000000000000000000000000000': 0 pak files mounted, 0 remain pending
LogPlatformFile: Not using cached read wrapper
LogTaskGraph: Started task graph with 5 named threads and 11 total threads with 3 sets of task threads.
LogStats: Stats thread started at 0.351751
LogD3D11RHI: Loaded GFSDK_Aftermath_Lib.x64.dll
LogICUInternationalization: ICU TimeZone Detection - Raw Offset: -6:00, Platform Override: ''
LogPluginManager: Mounting plugin Paper2D
LogPluginManager: Mounting plugin AISupport
LogPluginManager: Mounting plugin LightPropagationVolume
LogPluginManager: Mounting plugin ActorLayerUtilities
LogPluginManager: Mounting plugin CLionSourceCodeAccess
LogPluginManager: Mounting plugin CodeLiteSourceCodeAccess
LogPluginManager: Mounting plugin GitSourceControl
LogPluginManager: Mounting plugin KDevelopSourceCodeAccess
LogPluginManager: Mounting plugin NullSourceCodeAccess
LogPluginManager: Mounting plugin PerforceSourceControl
LogPluginManager: Mounting plugin SubversionSourceControl
LogPluginManager: Mounting plugin UObjectPlugin
LogPluginManager: Mounting plugin VisualStudioCodeSourceCodeAccess
LogPluginManager: Mounting plugin VisualStudioSourceCodeAccess
LogPluginManager: Mounting plugin XCodeSourceCodeAccess
LogPluginManager: Mounting plugin AssetManagerEditor
LogPluginManager: Mounting plugin CryptoKeys
LogPluginManager: Mounting plugin DataValidation
LogPluginManager: Mounting plugin EditorScriptingUtilities
LogPluginManager: Mounting plugin FacialAnimation
LogPluginManager: Mounting plugin GameplayTagsEditor
LogPluginManager: Mounting plugin MacGraphicsSwitching
LogPluginManager: Mounting plugin MeshEditor
LogPluginManager: Mounting plugin MobileLauncherProfileWizard
LogPluginManager: Mounting plugin PluginBrowser
LogPluginManager: Mounting plugin SpeedTreeImporter
LogPluginManager: Mounting plugin DatasmithContent
LogPluginManager: Mounting plugin VariantManagerContent
LogPluginManager: Mounting plugin AlembicImporter
LogPluginManager: Mounting plugin AppleImageUtils
LogPluginManager: Mounting plugin AppleVision
LogPluginManager: Mounting plugin BackChannel
LogPluginManager: Mounting plugin CharacterAI
LogPluginManager: Mounting plugin GeometryCache
LogPluginManager: Mounting plugin HTML5Networking
LogPluginManager: Mounting plugin ProxyLODPlugin
LogPluginManager: Mounting plugin MagicLeap
LogPluginManager: Mounting plugin MagicLeapMedia
LogPluginManager: Mounting plugin AndroidMedia
LogPluginManager: Mounting plugin AvfMedia
LogPluginManager: Mounting plugin ImgMedia
LogPluginManager: Mounting plugin LinearTimecode
LogPluginManager: Mounting plugin MediaCompositing
LogPluginManager: Mounting plugin MediaPlayerEditor
LogPluginManager: Mounting plugin WebMMedia
LogPluginManager: Mounting plugin WmfMedia
LogPluginManager: Mounting plugin TcpMessaging
LogPluginManager: Mounting plugin UdpMessaging
LogPluginManager: Mounting plugin ActorSequence
LogPluginManager: Mounting plugin LevelSequenceEditor
LogPluginManager: Mounting plugin MatineeToLevelSequence
LogPluginManager: Mounting plugin NetcodeUnitTest
LogPluginManager: Mounting plugin NUTUnrealEngine4
LogPluginManager: Mounting plugin OnlineSubsystemGooglePlay
LogPluginManager: Mounting plugin OnlineSubsystemIOS
LogPluginManager: Mounting plugin OnlineSubsystem
LogPluginManager: Mounting plugin OnlineSubsystemNull
LogPluginManager: Mounting plugin OnlineSubsystemUtils
LogPluginManager: Mounting plugin LauncherChunkInstaller
LogPluginManager: Mounting plugin AndroidDeviceProfileSelector
LogPluginManager: Mounting plugin AndroidMoviePlayer
LogPluginManager: Mounting plugin AndroidPermission
LogPluginManager: Mounting plugin AppleMoviePlayer
LogPluginManager: Mounting plugin ArchVisCharacter
LogPluginManager: Mounting plugin AudioCapture
LogPluginManager: Mounting plugin CableComponent
LogPluginManager: Mounting plugin CustomMeshComponent
LogPluginManager: Mounting plugin EditableMesh
LogPluginManager: Mounting plugin ExampleDeviceProfileSelector
LogPluginManager: Mounting plugin Firebase
LogPluginManager: Mounting plugin GoogleCloudMessaging
LogPluginManager: Mounting plugin IOSDeviceProfileSelector
LogPluginManager: Mounting plugin LinuxDeviceProfileSelector
LogPluginManager: Mounting plugin LocationServicesBPLibrary
LogPluginManager: Mounting plugin MobilePatchingUtils
LogPluginManager: Mounting plugin OculusVR
LogPluginManager: Mounting plugin PhysXVehicles
LogPluginManager: Mounting plugin ProceduralMeshComponent
LogPluginManager: Mounting plugin RuntimePhysXCooking
LogPluginManager: Mounting plugin SteamVR
LogPluginManager: Mounting plugin WebMMoviePlayer
LogPluginManager: Mounting plugin WindowsMoviePlayer
LogPluginManager: Mounting plugin DatasmithCADImporter
LogPluginManager: Mounting plugin DatasmithFBXImporter
LogPluginManager: Mounting plugin DatasmithImporter
LogPluginManager: Mounting plugin MDLImporter
LogPluginManager: Mounting plugin StaticMeshEditorExtension
LogPluginManager: Mounting plugin VariantManager
LogStreaming: Display: Took  0.182s to configure plugins.
LogInit: Using libcurl 7.55.1-DEV
LogInit:  - built for x86_64-pc-win32
LogInit:  - supports SSL with OpenSSL/1.0.2h
LogInit:  - supports HTTP deflate (compression) using libz 1.2.8
LogInit:  - other features:
LogInit:      CURL_VERSION_SSL
LogInit:      CURL_VERSION_LIBZ
LogInit:      CURL_VERSION_IPV6
LogInit:      CURL_VERSION_ASYNCHDNS
LogInit:      CURL_VERSION_LARGEFILE
LogInit:      CURL_VERSION_IDN
LogInit:  CurlRequestOptions (configurable via config and command line):
LogInit:  - bVerifyPeer = true  - Libcurl will verify peer certificate
LogInit:  - bUseHttpProxy = false  - Libcurl will NOT use HTTP proxy
LogInit:  - bDontReuseConnections = false  - Libcurl will reuse connections
LogInit:  - MaxHostConnections = 16  - Libcurl will limit the number of connections to a host
LogInit:  - LocalHostAddr = Default
LogInit:  - BufferSize = 65536
LogInit: WinSock: version 1.1 (2.2), MaxSocks=32767, MaxUdp=65467
LogInit: Build: ++UE4+Release-4.21-CL-4753647
LogInit: Engine Version: 4.21.2-4753647+++UE4+Release-4.21
LogInit: Compatible Engine Version: 4.21.0-4541578+++UE4+Release-4.21
LogInit: Net CL: 4541578
LogInit: OS: Windows 10 (), CPU: Intel(R) Core(TM) i7-7Y75 CPU @ 1.30GHz, GPU: Intel(R) HD Graphics 615
LogInit: Compiled (64-bit): Jan 19 2019 02:07:31
LogInit: Compiled with Visual C++: 19.13.26129.00
LogInit: Build Configuration: Development
LogInit: Branch Name: ++UE4+Release-4.21
LogInit: Command Line: 
LogInit: Base Directory: C:/Program Files/Epic Games/UE_4.21/Engine/Binaries/Win64/
LogInit: Installed Engine Build: 1
LogDevObjectVersion: Number of dev versions registered: 22
LogDevObjectVersion:   Dev-Blueprints (B0D832E4-1F89-4F0D-ACCF-7EB736FD4AA2): 10
LogDevObjectVersion:   Dev-Build (E1C64328-A22C-4D53-A36C-8E866417BD8C): 0
LogDevObjectVersion:   Dev-Core (375EC13C-06E4-48FB-B500-84F0262A717E): 2
LogDevObjectVersion:   Dev-Editor (E4B068ED-F494-42E9-A231-DA0B2E46BB41): 26
LogDevObjectVersion:   Dev-Framework (CFFC743F-43B0-4480-9391-14DF171D2073): 34
LogDevObjectVersion:   Dev-Mobile (B02B49B5-BB20-44E9-A304-32B752E40360): 2
LogDevObjectVersion:   Dev-Networking (A4E4105C-59A1-49B5-A7C5-40C4547EDFEE): 0
LogDevObjectVersion:   Dev-Online (39C831C9-5AE6-47DC-9A44-9C173E1C8E7C): 0
LogDevObjectVersion:   Dev-Physics (78F01B33-EBEA-4F98-B9B4-84EACCB95AA2): 0
LogDevObjectVersion:   Dev-Platform (6631380F-2D4D-43E0-8009-CF276956A95A): 0
LogDevObjectVersion:   Dev-Rendering (12F88B9F-8875-4AFC-A67C-D90C383ABD29): 27
LogDevObjectVersion:   Dev-Sequencer (7B5AE74C-D270-4C10-A958-57980B212A5A): 9
LogDevObjectVersion:   Dev-VR (D7296918-1DD6-4BDD-9DE2-64A83CC13884): 2
LogDevObjectVersion:   Dev-LoadTimes (C2A15278-BFE7-4AFE-6C17-90FF531DF755): 1
LogDevObjectVersion:   Private-Geometry (6EACA3D4-40EC-4CC1-B786-8BED09428FC5): 3
LogDevObjectVersion:   Dev-AnimPhys (29E575DD-E0A3-4627-9D10-D276232CDCEA): 17
LogDevObjectVersion:   Dev-Anim (AF43A65D-7FD3-4947-9873-3E8ED9C1BB05): 2
LogDevObjectVersion:   Dev-ReflectionCapture (6B266CEC-1EC7-4B8F-A30B-E4D90942FC07): 1
LogDevObjectVersion:   Dev-Automation (0DF73D61-A23F-47EA-B727-89E90C41499A): 1
LogDevObjectVersion:   FortniteMain (601D1886-AC64-4F84-AA16-D3DE0DEAC7D6): 17
LogDevObjectVersion:   Dev-Enterprise (9DFFBCD6-494F-0158-E221-12823C92A888): 4
LogDevObjectVersion:   Dev-Niagara (F2AED0AC-9AFE-416F-8664-AA7FFA26D6FC): 1
LogStreaming: Display: Took  0.003s to delete old logs.
LogInit: Presizing for max 8388607 objects, including 0 objects not considered by GC, pre-allocating 0 bytes for permanent pool.
LogInit: Object subsystem initialized
LogConfig: Setting CVar [[con.DebugEarlyDefault:1]]
LogConfig: Setting CVar [[r.setres:1280x720]]
[2019.03.06-13.36.07:796][  0]LogConfig: Setting CVar [[r.VSync:0]]
[2019.03.06-13.36.07:796][  0]LogConfig: Setting CVar [[r.RHICmdBypass:0]]
[2019.03.06-13.36.07:796][  0]LogConfig: Applying CVar settings from Section [/Script/Engine.RendererSettings] File [C:/Users/rdito/Documents/Unreal Projects/Inventory/Saved/Config/Windows/Engine.ini]
[2019.03.06-13.36.07:796][  0]LogConfig: Setting CVar [[r.GPUCrashDebugging:0]]
[2019.03.06-13.36.07:796][  0]LogConfig: Applying CVar settings from Section [/Script/Engine.RendererOverrideSettings] File [C:/Users/rdito/Documents/Unreal Projects/Inventory/Saved/Config/Windows/Engine.ini]
[2019.03.06-13.36.07:796][  0]LogConfig: Applying CVar settings from Section [/Script/Engine.StreamingSettings] File [C:/Users/rdito/Documents/Unreal Projects/Inventory/Saved/Config/Windows/Engine.ini]
[2019.03.06-13.36.07:796][  0]LogConfig: Setting CVar [[s.MinBulkDataSizeForAsyncLoading:131072]]
[2019.03.06-13.36.07:796][  0]LogConfig: Setting CVar [[s.AsyncLoadingThreadEnabled:0]]
[2019.03.06-13.36.07:796][  0]LogConfig: Setting CVar [[s.EventDrivenLoaderEnabled:1]]
[2019.03.06-13.36.07:796][  0]LogConfig: Setting CVar [[s.WarnIfTimeLimitExceeded:0]]
[2019.03.06-13.36.07:796][  0]LogConfig: Setting CVar [[s.TimeLimitExceededMultiplier:1.5]]
[2019.03.06-13.36.07:796][  0]LogConfig: Setting CVar [[s.TimeLimitExceededMinTime:0.005]]
[2019.03.06-13.36.07:796][  0]LogConfig: Setting CVar [[s.UseBackgroundLevelStreaming:1]]
[2019.03.06-13.36.07:796][  0]LogConfig: Setting CVar [[s.PriorityAsyncLoadingExtraTime:15.0]]
[2019.03.06-13.36.07:796][  0]LogConfig: Setting CVar [[s.LevelStreamingActorsUpdateTimeLimit:5.0]]
[2019.03.06-13.36.07:796][  0]LogConfig: Setting CVar [[s.PriorityLevelStreamingActorsUpdateExtraTime:5.0]]
[2019.03.06-13.36.07:796][  0]LogConfig: Setting CVar [[s.LevelStreamingComponentsRegistrationGranularity:10]]
[2019.03.06-13.36.07:796][  0]LogConfig: Setting CVar [[s.UnregisterComponentsTimeLimit:1.0]]
[2019.03.06-13.36.07:796][  0]LogConfig: Setting CVar [[s.LevelStreamingComponentsUnregistrationGranularity:5]]
[2019.03.06-13.36.07:796][  0]LogConfig: Applying CVar settings from Section [/Script/Engine.GarbageCollectionSettings] File [C:/Users/rdito/Documents/Unreal Projects/Inventory/Saved/Config/Windows/Engine.ini]
[2019.03.06-13.36.07:796][  0]LogConfig: Setting CVar [[gc.MaxObjectsNotConsideredByGC:1]]
[2019.03.06-13.36.07:796][  0]LogConfig: Setting CVar [[gc.SizeOfPermanentObjectPool:0]]
[2019.03.06-13.36.07:796][  0]LogConfig: Setting CVar [[gc.FlushStreamingOnGC:0]]
[2019.03.06-13.36.07:797][  0]LogConfig: Setting CVar [[gc.NumRetriesBeforeForcingGC:10]]
[2019.03.06-13.36.07:797][  0]LogConfig: Setting CVar [[gc.AllowParallelGC:1]]
[2019.03.06-13.36.07:797][  0]LogConfig: Setting CVar [[gc.TimeBetweenPurgingPendingKillObjects:61.1]]
[2019.03.06-13.36.07:797][  0]LogConfig: Setting CVar [[gc.MaxObjectsInEditor:8388607]]
[2019.03.06-13.36.07:797][  0]LogConfig: Setting CVar [[gc.IncrementalBeginDestroyEnabled:1]]
[2019.03.06-13.36.07:797][  0]LogConfig: Setting CVar [[gc.CreateGCClusters:1]]
[2019.03.06-13.36.07:797][  0]LogConfig: Setting CVar [[gc.MergeGCClusters:0]]
[2019.03.06-13.36.07:797][  0]LogConfig: Setting CVar [[gc.MinGCClusterSize:5]]
[2019.03.06-13.36.07:797][  0]LogConfig: Setting CVar [[gc.ActorClusteringEnabled:0]]
[2019.03.06-13.36.07:797][  0]LogConfig: Setting CVar [[gc.BlueprintClusteringEnabled:0]]
[2019.03.06-13.36.07:797][  0]LogConfig: Setting CVar [[gc.UseDisregardForGCOnDedicatedServers:0]]
[2019.03.06-13.36.07:797][  0]LogConfig: Applying CVar settings from Section [/Script/Engine.NetworkSettings] File [C:/Users/rdito/Documents/Unreal Projects/Inventory/Saved/Config/Windows/Engine.ini]
[2019.03.06-13.36.07:797][  0]LogConfig: Applying CVar settings from Section [/Script/UnrealEd.CookerSettings] File [C:/Users/rdito/Documents/Unreal Projects/Inventory/Saved/Config/Windows/Engine.ini]
[2019.03.06-13.36.07:800][  0]LogConfig: Applying CVar settings from Section [ViewDistanceQuality@3] File [C:/Users/rdito/Documents/Unreal Projects/Inventory/Saved/Config/Windows/Scalability.ini]
[2019.03.06-13.36.07:800][  0]LogConfig: Setting CVar [[r.SkeletalMeshLODBias:0]]
[2019.03.06-13.36.07:800][  0]LogConfig: Setting CVar [[r.ViewDistanceScale:1.0]]
[2019.03.06-13.36.07:800][  0]LogConfig: Applying CVar settings from Section [AntiAliasingQuality@3] File [C:/Users/rdito/Documents/Unreal Projects/Inventory/Saved/Config/Windows/Scalability.ini]
[2019.03.06-13.36.07:800][  0]LogConfig: Setting CVar [[r.PostProcessAAQuality:4]]
[2019.03.06-13.36.07:800][  0]LogConfig: Applying CVar settings from Section [ShadowQuality@3] File [C:/Users/rdito/Documents/Unreal Projects/Inventory/Saved/Config/Windows/Scalability.ini]
[2019.03.06-13.36.07:800][  0]LogConfig: Setting CVar [[r.LightFunctionQuality:1]]
[2019.03.06-13.36.07:800][  0]LogConfig: Setting CVar [[r.ShadowQuality:5]]
[2019.03.06-13.36.07:800][  0]LogConfig: Setting CVar [[r.Shadow.CSM.MaxCascades:10]]
[2019.03.06-13.36.07:800][  0]LogConfig: Setting CVar [[r.Shadow.MaxResolution:2048]]
[2019.03.06-13.36.07:800][  0]LogConfig: Setting CVar [[r.Shadow.MaxCSMResolution:2048]]
[2019.03.06-13.36.07:800][  0]LogConfig: Setting CVar [[r.Shadow.RadiusThreshold:0.01]]
[2019.03.06-13.36.07:800][  0]LogConfig: Setting CVar [[r.Shadow.DistanceScale:1.0]]
[2019.03.06-13.36.07:800][  0]LogConfig: Setting CVar [[r.Shadow.CSM.TransitionScale:1.0]]
[2019.03.06-13.36.07:800][  0]LogConfig: Setting CVar [[r.Shadow.PreShadowResolutionFactor:1.0]]
[2019.03.06-13.36.07:800][  0]LogConfig: Setting CVar [[r.DistanceFieldShadowing:1]]
[2019.03.06-13.36.07:800][  0]LogConfig: Setting CVar [[r.DistanceFieldAO:1]]
[2019.03.06-13.36.07:800][  0]LogConfig: Setting CVar [[r.AOQuality:2]]
[2019.03.06-13.36.07:800][  0]LogConfig: Setting CVar [[r.VolumetricFog:1]]
[2019.03.06-13.36.07:800][  0]LogConfig: Setting CVar [[r.VolumetricFog.GridPixelSize:8]]
[2019.03.06-13.36.07:800][  0]LogConfig: Setting CVar [[r.VolumetricFog.GridSizeZ:128]]
[2019.03.06-13.36.07:800][  0]LogConfig: Setting CVar [[r.VolumetricFog.HistoryMissSupersampleCount:4]]
[2019.03.06-13.36.07:800][  0]LogConfig: Setting CVar [[r.LightMaxDrawDistanceScale:1]]
[2019.03.06-13.36.07:800][  0]LogConfig: Setting CVar [[r.CapsuleShadows:1]]
[2019.03.06-13.36.07:800][  0]LogConfig: Applying CVar settings from Section [PostProcessQuality@3] File [C:/Users/rdito/Documents/Unreal Projects/Inventory/Saved/Config/Windows/Scalability.ini]
[2019.03.06-13.36.07:800][  0]LogConfig: Setting CVar [[r.MotionBlurQuality:4]]
[2019.03.06-13.36.07:800][  0]LogConfig: Setting CVar [[r.AmbientOcclusionMipLevelFactor:0.4]]
[2019.03.06-13.36.07:800][  0]LogConfig: Setting CVar [[r.AmbientOcclusionMaxQuality:100]]
[2019.03.06-13.36.07:800][  0]LogConfig: Setting CVar [[r.AmbientOcclusionLevels:-1]]
[2019.03.06-13.36.07:801][  0]LogConfig: Setting CVar [[r.AmbientOcclusionRadiusScale:1.0]]
[2019.03.06-13.36.07:801][  0]LogConfig: Setting CVar [[r.DepthOfFieldQuality:2]]
[2019.03.06-13.36.07:801][  0]LogConfig: Setting CVar [[r.RenderTargetPoolMin:400]]
[2019.03.06-13.36.07:801][  0]LogConfig: Setting CVar [[r.LensFlareQuality:2]]
[2019.03.06-13.36.07:801][  0]LogConfig: Setting CVar [[r.SceneColorFringeQuality:1]]
[2019.03.06-13.36.07:801][  0]LogConfig: Setting CVar [[r.EyeAdaptationQuality:2]]
[2019.03.06-13.36.07:801][  0]LogConfig: Setting CVar [[r.BloomQuality:5]]
[2019.03.06-13.36.07:801][  0]LogConfig: Setting CVar [[r.FastBlurThreshold:100]]
[2019.03.06-13.36.07:801][  0]LogConfig: Setting CVar [[r.Upscale.Quality:3]]
[2019.03.06-13.36.07:801][  0]LogConfig: Setting CVar [[r.Tonemapper.GrainQuantization:1]]
[2019.03.06-13.36.07:801][  0]LogConfig: Setting CVar [[r.LightShaftQuality:1]]
[2019.03.06-13.36.07:801][  0]LogConfig: Setting CVar [[r.Filter.SizeScale:1]]
[2019.03.06-13.36.07:801][  0]LogConfig: Setting CVar [[r.Tonemapper.Quality:5]]
[2019.03.06-13.36.07:801][  0]LogConfig: Setting CVar [[r.DOF.Gather.AccumulatorQuality:1        ; higher gathering accumulator quality]]
[2019.03.06-13.36.07:801][  0]LogConfig: Setting CVar [[r.DOF.Gather.PostfilterMethod:1          ; Median3x3 postfilering method]]
[2019.03.06-13.36.07:801][  0]LogConfig: Setting CVar [[r.DOF.Gather.EnableBokehSettings:0       ; no bokeh simulation when gathering]]
[2019.03.06-13.36.07:801][  0]LogConfig: Setting CVar [[r.DOF.Gather.RingCount:4                 ; medium number of samples when gathering]]
[2019.03.06-13.36.07:801][  0]LogConfig: Setting CVar [[r.DOF.Scatter.ForegroundCompositing:1    ; additive foreground scattering]]
[2019.03.06-13.36.07:801][  0]LogConfig: Setting CVar [[r.DOF.Scatter.BackgroundCompositing:2    ; additive background scattering]]
[2019.03.06-13.36.07:801][  0]LogConfig: Setting CVar [[r.DOF.Scatter.EnableBokehSettings:1      ; bokeh simulation when scattering]]
[2019.03.06-13.36.07:801][  0]LogConfig: Setting CVar [[r.DOF.Scatter.MaxSpriteRatio:0.1         ; only a maximum of 10% of scattered bokeh]]
[2019.03.06-13.36.07:801][  0]LogConfig: Setting CVar [[r.DOF.Recombine.Quality:1                ; cheap slight out of focus]]
[2019.03.06-13.36.07:801][  0]LogConfig: Setting CVar [[r.DOF.Recombine.EnableBokehSettings:0    ; no bokeh simulation on slight out of focus]]
[2019.03.06-13.36.07:801][  0]LogConfig: Setting CVar [[r.DOF.TemporalAAQuality:1                ; more stable temporal accumulation]]
[2019.03.06-13.36.07:801][  0]LogConfig: Setting CVar [[r.DOF.Kernel.MaxForegroundRadius:0.025]]
[2019.03.06-13.36.07:801][  0]LogConfig: Setting CVar [[r.DOF.Kernel.MaxBackgroundRadius:0.025]]
[2019.03.06-13.36.07:801][  0]LogConfig: Applying CVar settings from Section [TextureQuality@3] File [C:/Users/rdito/Documents/Unreal Projects/Inventory/Saved/Config/Windows/Scalability.ini]
[2019.03.06-13.36.07:801][  0]LogConfig: Setting CVar [[r.Streaming.MipBias:0]]
[2019.03.06-13.36.07:801][  0]LogConfig: Setting CVar [[r.Streaming.AmortizeCPUToGPUCopy:0]]
[2019.03.06-13.36.07:801][  0]LogConfig: Setting CVar [[r.Streaming.MaxNumTexturesToStreamPerFrame:0]]
[2019.03.06-13.36.07:802][  0]LogConfig: Setting CVar [[r.Streaming.Boost:1]]
[2019.03.06-13.36.07:802][  0]LogConfig: Setting CVar [[r.MaxAnisotropy:8]]
[2019.03.06-13.36.07:802][  0]LogConfig: Setting CVar [[r.Streaming.LimitPoolSizeToVRAM:0]]
[2019.03.06-13.36.07:802][  0]LogConfig: Setting CVar [[r.Streaming.PoolSize:1000]]
[2019.03.06-13.36.07:802][  0]LogConfig: Setting CVar [[r.Streaming.MaxEffectiveScreenSize:0]]
[2019.03.06-13.36.07:802][  0]LogConfig: Applying CVar settings from Section [EffectsQuality@3] File [C:/Users/rdito/Documents/Unreal Projects/Inventory/Saved/Config/Windows/Scalability.ini]
[2019.03.06-13.36.07:802][  0]LogConfig: Setting CVar [[r.TranslucencyLightingVolumeDim:64]]
[2019.03.06-13.36.07:802][  0]LogConfig: Setting CVar [[r.RefractionQuality:2]]
[2019.03.06-13.36.07:802][  0]LogConfig: Setting CVar [[r.SSR.Quality:3]]
[2019.03.06-13.36.07:802][  0]LogConfig: Setting CVar [[r.SceneColorFormat:4]]
[2019.03.06-13.36.07:802][  0]LogConfig: Setting CVar [[r.DetailMode:2]]
[2019.03.06-13.36.07:802][  0]LogConfig: Setting CVar [[r.TranslucencyVolumeBlur:1]]
[2019.03.06-13.36.07:802][  0]LogConfig: Setting CVar [[r.MaterialQualityLevel:1 ; High quality]]
[2019.03.06-13.36.07:802][  0]LogConfig: Setting CVar [[r.SSS.Scale:1]]
[2019.03.06-13.36.07:802][  0]LogConfig: Setting CVar [[r.SSS.SampleSet:2]]
[2019.03.06-13.36.07:802][  0]LogConfig: Setting CVar [[r.SSS.Quality:1]]
[2019.03.06-13.36.07:802][  0]LogConfig: Setting CVar [[r.SSS.HalfRes:1]]
[2019.03.06-13.36.07:802][  0]LogConfig: Setting CVar [[r.EmitterSpawnRateScale:1.0]]
[2019.03.06-13.36.07:802][  0]LogConfig: Setting CVar [[r.ParticleLightQuality:2]]
[2019.03.06-13.36.07:802][  0]LogConfig: Applying CVar settings from Section [FoliageQuality@3] File [C:/Users/rdito/Documents/Unreal Projects/Inventory/Saved/Config/Windows/Scalability.ini]
[2019.03.06-13.36.07:802][  0]LogConfig: Setting CVar [[foliage.DensityScale:1.0]]
[2019.03.06-13.36.07:802][  0]LogConfig: Setting CVar [[grass.DensityScale:1.0]]
[2019.03.06-13.36.07:802][  0]LogInit: Selected Device Profile: [Windows]
[2019.03.06-13.36.07:802][  0]LogInit: Applying CVar settings loaded from the selected device profile: [Windows]
[2019.03.06-13.36.07:831][  0]LogHAL: Display: Platform has ~ 16 GB [17037164544 / 17179869184 / 16], which maps to Larger [LargestMinGB=32, LargerMinGB=12, DefaultMinGB=8, SmallerMinGB=6, SmallestMinGB=0)
[2019.03.06-13.36.07:831][  0]LogConfig: Setting CVar [[r.Vulkan.UseRealUBs:1]]
[2019.03.06-13.36.07:831][  0]LogInit: Going up to parent DeviceProfile []
[2019.03.06-13.36.07:831][  0]LogConfig: Applying CVar settings from Section [ViewDistanceQuality@3] File [C:/Users/rdito/Documents/Unreal Projects/Inventory/Saved/Config/Windows/Scalability.ini]
[2019.03.06-13.36.07:831][  0]LogConfig: Setting CVar [[r.SkeletalMeshLODBias:0]]
[2019.03.06-13.36.07:831][  0]LogConfig: Setting CVar [[r.ViewDistanceScale:1.0]]
[2019.03.06-13.36.07:831][  0]LogConfig: Applying CVar settings from Section [AntiAliasingQuality@3] File [C:/Users/rdito/Documents/Unreal Projects/Inventory/Saved/Config/Windows/Scalability.ini]
[2019.03.06-13.36.07:831][  0]LogConfig: Setting CVar [[r.PostProcessAAQuality:4]]
[2019.03.06-13.36.07:831][  0]LogConfig: Applying CVar settings from Section [ShadowQuality@3] File [C:/Users/rdito/Documents/Unreal Projects/Inventory/Saved/Config/Windows/Scalability.ini]
[2019.03.06-13.36.07:831][  0]LogConfig: Setting CVar [[r.LightFunctionQuality:1]]
[2019.03.06-13.36.07:831][  0]LogConfig: Setting CVar [[r.ShadowQuality:5]]
[2019.03.06-13.36.07:831][  0]LogConfig: Setting CVar [[r.Shadow.CSM.MaxCascades:10]]
[2019.03.06-13.36.07:831][  0]LogConfig: Setting CVar [[r.Shadow.MaxResolution:2048]]
[2019.03.06-13.36.07:831][  0]LogConfig: Setting CVar [[r.Shadow.MaxCSMResolution:2048]]
[2019.03.06-13.36.07:831][  0]LogConfig: Setting CVar [[r.Shadow.RadiusThreshold:0.01]]
[2019.03.06-13.36.07:831][  0]LogConfig: Setting CVar [[r.Shadow.DistanceScale:1.0]]
[2019.03.06-13.36.07:831][  0]LogConfig: Setting CVar [[r.Shadow.CSM.TransitionScale:1.0]]
[2019.03.06-13.36.07:831][  0]LogConfig: Setting CVar [[r.Shadow.PreShadowResolutionFactor:1.0]]
[2019.03.06-13.36.07:831][  0]LogConfig: Setting CVar [[r.DistanceFieldShadowing:1]]
[2019.03.06-13.36.07:831][  0]LogConfig: Setting CVar [[r.DistanceFieldAO:1]]
[2019.03.06-13.36.07:831][  0]LogConfig: Setting CVar [[r.AOQuality:2]]
[2019.03.06-13.36.07:831][  0]LogConfig: Setting CVar [[r.VolumetricFog:1]]
[2019.03.06-13.36.07:831][  0]LogConfig: Setting CVar [[r.VolumetricFog.GridPixelSize:8]]
[2019.03.06-13.36.07:831][  0]LogConfig: Setting CVar [[r.VolumetricFog.GridSizeZ:128]]
[2019.03.06-13.36.07:831][  0]LogConfig: Setting CVar [[r.VolumetricFog.HistoryMissSupersampleCount:4]]
[2019.03.06-13.36.07:831][  0]LogConfig: Setting CVar [[r.LightMaxDrawDistanceScale:1]]
[2019.03.06-13.36.07:831][  0]LogConfig: Setting CVar [[r.CapsuleShadows:1]]
[2019.03.06-13.36.07:832][  0]LogConfig: Applying CVar settings from Section [PostProcessQuality@3] File [C:/Users/rdito/Documents/Unreal Projects/Inventory/Saved/Config/Windows/Scalability.ini]
[2019.03.06-13.36.07:832][  0]LogConfig: Setting CVar [[r.MotionBlurQuality:4]]
[2019.03.06-13.36.07:832][  0]LogConfig: Setting CVar [[r.AmbientOcclusionMipLevelFactor:0.4]]
[2019.03.06-13.36.07:832][  0]LogConfig: Setting CVar [[r.AmbientOcclusionMaxQuality:100]]
[2019.03.06-13.36.07:832][  0]LogConfig: Setting CVar [[r.AmbientOcclusionLevels:-1]]
[2019.03.06-13.36.07:832][  0]LogConfig: Setting CVar [[r.AmbientOcclusionRadiusScale:1.0]]
[2019.03.06-13.36.07:832][  0]LogConfig: Setting CVar [[r.DepthOfFieldQuality:2]]
[2019.03.06-13.36.07:832][  0]LogConfig: Setting CVar [[r.RenderTargetPoolMin:400]]
[2019.03.06-13.36.07:832][  0]LogConfig: Setting CVar [[r.LensFlareQuality:2]]
[2019.03.06-13.36.07:832][  0]LogConfig: Setting CVar [[r.SceneColorFringeQuality:1]]
[2019.03.06-13.36.07:832][  0]LogConfig: Setting CVar [[r.EyeAdaptationQuality:2]]
[2019.03.06-13.36.07:832][  0]LogConfig: Setting CVar [[r.BloomQuality:5]]
[2019.03.06-13.36.07:832][  0]LogConfig: Setting CVar [[r.FastBlurThreshold:100]]
[2019.03.06-13.36.07:832][  0]LogConfig: Setting CVar [[r.Upscale.Quality:3]]
[2019.03.06-13.36.07:832][  0]LogConfig: Setting CVar [[r.Tonemapper.GrainQuantization:1]]
[2019.03.06-13.36.07:832][  0]LogConfig: Setting CVar [[r.LightShaftQuality:1]]
[2019.03.06-13.36.07:832][  0]LogConfig: Setting CVar [[r.Filter.SizeScale:1]]
[2019.03.06-13.36.07:832][  0]LogConfig: Setting CVar [[r.Tonemapper.Quality:5]]
[2019.03.06-13.36.07:832][  0]LogConfig: Setting CVar [[r.DOF.Gather.AccumulatorQuality:1        ; higher gathering accumulator quality]]
[2019.03.06-13.36.07:832][  0]LogConfig: Setting CVar [[r.DOF.Gather.PostfilterMethod:1          ; Median3x3 postfilering method]]
[2019.03.06-13.36.07:832][  0]LogConfig: Setting CVar [[r.DOF.Gather.EnableBokehSettings:0       ; no bokeh simulation when gathering]]
[2019.03.06-13.36.07:832][  0]LogConfig: Setting CVar [[r.DOF.Gather.RingCount:4                 ; medium number of samples when gathering]]
[2019.03.06-13.36.07:832][  0]LogConfig: Setting CVar [[r.DOF.Scatter.ForegroundCompositing:1    ; additive foreground scattering]]
[2019.03.06-13.36.07:832][  0]LogConfig: Setting CVar [[r.DOF.Scatter.BackgroundCompositing:2    ; additive background scattering]]
[2019.03.06-13.36.07:832][  0]LogConfig: Setting CVar [[r.DOF.Scatter.EnableBokehSettings:1      ; bokeh simulation when scattering]]
[2019.03.06-13.36.07:832][  0]LogConfig: Setting CVar [[r.DOF.Scatter.MaxSpriteRatio:0.1         ; only a maximum of 10% of scattered bokeh]]
[2019.03.06-13.36.07:832][  0]LogConfig: Setting CVar [[r.DOF.Recombine.Quality:1                ; cheap slight out of focus]]
[2019.03.06-13.36.07:832][  0]LogConfig: Setting CVar [[r.DOF.Recombine.EnableBokehSettings:0    ; no bokeh simulation on slight out of focus]]
[2019.03.06-13.36.07:832][  0]LogConfig: Setting CVar [[r.DOF.TemporalAAQuality:1                ; more stable temporal accumulation]]
[2019.03.06-13.36.07:832][  0]LogConfig: Setting CVar [[r.DOF.Kernel.MaxForegroundRadius:0.025]]
[2019.03.06-13.36.07:832][  0]LogConfig: Setting CVar [[r.DOF.Kernel.MaxBackgroundRadius:0.025]]
[2019.03.06-13.36.07:832][  0]LogConfig: Applying CVar settings from Section [TextureQuality@3] File [C:/Users/rdito/Documents/Unreal Projects/Inventory/Saved/Config/Windows/Scalability.ini]
[2019.03.06-13.36.07:832][  0]LogConfig: Setting CVar [[r.Streaming.MipBias:0]]
[2019.03.06-13.36.07:832][  0]LogConfig: Setting CVar [[r.Streaming.AmortizeCPUToGPUCopy:0]]
[2019.03.06-13.36.07:832][  0]LogConfig: Setting CVar [[r.Streaming.MaxNumTexturesToStreamPerFrame:0]]
[2019.03.06-13.36.07:832][  0]LogConfig: Setting CVar [[r.Streaming.Boost:1]]
[2019.03.06-13.36.07:832][  0]LogConfig: Setting CVar [[r.MaxAnisotropy:8]]
[2019.03.06-13.36.07:832][  0]LogConfig: Setting CVar [[r.Streaming.LimitPoolSizeToVRAM:0]]
[2019.03.06-13.36.07:832][  0]LogConfig: Setting CVar [[r.Streaming.PoolSize:1000]]
[2019.03.06-13.36.07:832][  0]LogConfig: Setting CVar [[r.Streaming.MaxEffectiveScreenSize:0]]
[2019.03.06-13.36.07:832][  0]LogConfig: Applying CVar settings from Section [EffectsQuality@3] File [C:/Users/rdito/Documents/Unreal Projects/Inventory/Saved/Config/Windows/Scalability.ini]
[2019.03.06-13.36.07:832][  0]LogConfig: Setting CVar [[r.TranslucencyLightingVolumeDim:64]]
[2019.03.06-13.36.07:832][  0]LogConfig: Setting CVar [[r.RefractionQuality:2]]
[2019.03.06-13.36.07:832][  0]LogConfig: Setting CVar [[r.SSR.Quality:3]]
[2019.03.06-13.36.07:832][  0]LogConfig: Setting CVar [[r.SceneColorFormat:4]]
[2019.03.06-13.36.07:832][  0]LogConfig: Setting CVar [[r.DetailMode:2]]
[2019.03.06-13.36.07:832][  0]LogConfig: Setting CVar [[r.TranslucencyVolumeBlur:1]]
[2019.03.06-13.36.07:832][  0]LogConfig: Setting CVar [[r.MaterialQualityLevel:1 ; High quality]]
[2019.03.06-13.36.07:832][  0]LogConfig: Setting CVar [[r.SSS.Scale:1]]
[2019.03.06-13.36.07:832][  0]LogConfig: Setting CVar [[r.SSS.SampleSet:2]]
[2019.03.06-13.36.07:833][  0]LogConfig: Setting CVar [[r.SSS.Quality:1]]
[2019.03.06-13.36.07:833][  0]LogConfig: Setting CVar [[r.SSS.HalfRes:1]]
[2019.03.06-13.36.07:833][  0]LogConfig: Setting CVar [[r.EmitterSpawnRateScale:1.0]]
[2019.03.06-13.36.07:833][  0]LogConfig: Setting CVar [[r.ParticleLightQuality:2]]
[2019.03.06-13.36.07:833][  0]LogConfig: Applying CVar settings from Section [FoliageQuality@3] File [C:/Users/rdito/Documents/Unreal Projects/Inventory/Saved/Config/Windows/Scalability.ini]
[2019.03.06-13.36.07:833][  0]LogConfig: Setting CVar [[foliage.DensityScale:1.0]]
[2019.03.06-13.36.07:833][  0]LogConfig: Setting CVar [[grass.DensityScale:1.0]]
[2019.03.06-13.36.07:833][  0]LogConfig: Applying CVar settings from Section [Startup] File [../../../Engine/Config/ConsoleVariables.ini]
[2019.03.06-13.36.07:833][  0]LogConfig: Setting CVar [[net.UseAdaptiveNetUpdateFrequency:0]]
[2019.03.06-13.36.07:833][  0]LogConfig: Applying CVar settings from Section [ConsoleVariables] File [C:/Users/rdito/Documents/Unreal Projects/Inventory/Saved/Config/Windows/Engine.ini]
[2019.03.06-13.36.07:833][  0]LogInit: Computer: LAPTOP-6V312PD5
[2019.03.06-13.36.07:833][  0]LogInit: User: rdito
[2019.03.06-13.36.07:833][  0]LogInit: CPU Page size=4096, Cores=2
[2019.03.06-13.36.07:833][  0]LogInit: High frequency timer resolution =1.570317 MHz
[2019.03.06-13.36.07:834][  0]LogMemory: Memory total: Physical=15.9GB (16GB approx)
[2019.03.06-13.36.07:834][  0]LogMemory: Platform Memory Stats for Windows
[2019.03.06-13.36.07:834][  0]LogMemory: Process Physical Memory: 102.31 MB used, 102.31 MB peak
[2019.03.06-13.36.07:834][  0]LogMemory: Process Virtual Memory: 84.46 MB used, 84.46 MB peak
[2019.03.06-13.36.07:834][  0]LogMemory: Physical Memory: 6574.37 MB used,  9673.54 MB free, 16247.91 MB total
[2019.03.06-13.36.07:834][  0]LogMemory: Virtual Memory: 4628.93 MB used,  134213096.00 MB free, 134217728.00 MB total
[2019.03.06-13.36.07:861][  0]LogInit: Using OS detected language (en-US).
[2019.03.06-13.36.07:861][  0]LogInit: Using OS detected locale (en-US).
[2019.03.06-13.36.07:863][  0]LogTextLocalizationManager: No specific localization for 'en-US' exists, so the 'en' localization will be used.
[2019.03.06-13.36.08:450][  0]LogStreaming: Display: Took  0.590s to InitEngineTextLocalization.
[2019.03.06-13.36.08:450][  0]LogInit: Setting process to per monitor DPI aware
[2019.03.06-13.36.08:491][  0]LogSlate: New Slate User Created.  User Index 0, Is Virtual User: 0
[2019.03.06-13.36.08:491][  0]LogSlate: Slate User Registered.  User Index 0, Is Virtual User: 0
[2019.03.06-13.36.08:914][  0]LogHMD: Failed to initialize OpenVR with code 110
[2019.03.06-13.36.08:914][  0]LogD3D11RHI: D3D11 adapters:
[2019.03.06-13.36.08:990][  0]LogD3D11RHI:    0. 'Intel(R) HD Graphics 615' (Feature Level 11_0)
[2019.03.06-13.36.08:990][  0]LogD3D11RHI:       128/0/8123 MB DedicatedVideo/DedicatedSystem/SharedSystem, Outputs:1, VendorId:0x8086
[2019.03.06-13.36.08:993][  0]LogD3D11RHI:    1. 'Microsoft Basic Render Driver' (Feature Level 11_0)
[2019.03.06-13.36.08:993][  0]LogD3D11RHI:       0/0/8123 MB DedicatedVideo/DedicatedSystem/SharedSystem, Outputs:0, VendorId:0x1414
[2019.03.06-13.36.08:993][  0]LogD3D11RHI: Chosen D3D11 Adapter: 0
[2019.03.06-13.36.09:001][  0]LogD3D11RHI: Creating new Direct3DDevice
[2019.03.06-13.36.09:001][  0]LogD3D11RHI:     GPU DeviceId: 0x591e (for the marketing name, search the web for "GPU Device Id")
[2019.03.06-13.36.09:001][  0]LogWindows: EnumDisplayDevices:
[2019.03.06-13.36.09:001][  0]LogWindows:    0. 'Intel(R) HD Graphics 615' (P:1 D:1)
[2019.03.06-13.36.09:002][  0]LogWindows:    1. 'Intel(R) HD Graphics 615' (P:0 D:0)
[2019.03.06-13.36.09:002][  0]LogWindows:    2. 'Intel(R) HD Graphics 615' (P:0 D:0)
[2019.03.06-13.36.09:002][  0]LogWindows: DebugString: FoundDriverCount:3 
[2019.03.06-13.36.09:002][  0]LogD3D11RHI:     Adapter Name: Intel(R) HD Graphics 615
[2019.03.06-13.36.09:002][  0]LogD3D11RHI:   Driver Version: 23.20.16.4973 (internal:23.20.16.4973, unified:23.20.16.4973)
[2019.03.06-13.36.09:002][  0]LogD3D11RHI:      Driver Date: 2-28-2018
[2019.03.06-13.36.09:002][  0]LogRHI: Texture pool is 1523 MB (70% of 2176 MB)
[2019.03.06-13.36.09:050][  0]LogD3D11RHI: [IntelMetricsDiscovery] Started
[2019.03.06-13.36.09:050][  0]LogD3D11RHI: Async texture creation enabled
[2019.03.06-13.36.09:059][  0]LogD3D11RHI: GPU Timing Frequency: 12.000048 (Debug: 2 0)
[2019.03.06-13.36.09:805][  0]LogTemp: Display: Loaded TP AllDesktopTargetPlatform
[2019.03.06-13.36.09:827][  0]LogTemp: Display: Loaded TP MacClientTargetPlatform
[2019.03.06-13.36.09:847][  0]LogTemp: Display: Loaded TP MacNoEditorTargetPlatform
[2019.03.06-13.36.09:868][  0]LogTemp: Display: Loaded TP MacServerTargetPlatform
[2019.03.06-13.36.09:884][  0]LogTemp: Display: Loaded TP MacTargetPlatform
[2019.03.06-13.36.09:901][  0]LogTemp: Display: Loaded TP WindowsClientTargetPlatform
[2019.03.06-13.36.09:919][  0]LogTemp: Display: Loaded TP WindowsNoEditorTargetPlatform
[2019.03.06-13.36.09:935][  0]LogTemp: Display: Loaded TP WindowsServerTargetPlatform
[2019.03.06-13.36.09:944][  0]LogTemp: Display: Loaded TP WindowsTargetPlatform
[2019.03.06-13.36.10:026][  0]LogTemp: Display: Loaded TP AndroidTargetPlatform
[2019.03.06-13.36.10:026][  0]LogTemp: Display: Loaded TP AndroidTargetPlatform
[2019.03.06-13.36.10:026][  0]LogTemp: Display: Loaded TP AndroidTargetPlatform
[2019.03.06-13.36.10:026][  0]LogTemp: Display: Loaded TP AndroidTargetPlatform
[2019.03.06-13.36.10:026][  0]LogTemp: Display: Loaded TP AndroidTargetPlatform
[2019.03.06-13.36.10:026][  0]LogTemp: Display: Loaded TP AndroidTargetPlatform
[2019.03.06-13.36.10:026][  0]LogTemp: Display: Loaded TP AndroidTargetPlatform
[2019.03.06-13.36.10:026][  0]LogTemp: Display: Loaded TP AndroidTargetPlatform
[2019.03.06-13.36.10:026][  0]LogTemp: Display: Loaded TP AndroidTargetPlatform
[2019.03.06-13.36.10:026][  0]LogTemp: Display: Loaded TP AndroidTargetPlatform
[2019.03.06-13.36.10:026][  0]LogTemp: Display: Loaded TP AndroidTargetPlatform
[2019.03.06-13.36.10:026][  0]LogTemp: Display: Loaded TP AndroidTargetPlatform
[2019.03.06-13.36.10:026][  0]LogTemp: Display: Loaded TP AndroidTargetPlatform
[2019.03.06-13.36.10:026][  0]LogTemp: Display: Loaded TP AndroidTargetPlatform
[2019.03.06-13.36.10:026][  0]LogTemp: Display: Loaded TP AndroidTargetPlatform
[2019.03.06-13.36.10:026][  0]LogTemp: Display: Loaded TP AndroidTargetPlatform
[2019.03.06-13.36.10:026][  0]LogTemp: Display: Loaded TP AndroidTargetPlatform
[2019.03.06-13.36.10:026][  0]LogTemp: Display: Loaded TP AndroidTargetPlatform
[2019.03.06-13.36.10:028][  0]LogTemp: Display: Loaded TP HTML5TargetPlatform
[2019.03.06-13.36.10:115][  0]LogTemp: Display: Loaded TP IOSTargetPlatform
[2019.03.06-13.36.10:115][  0]LogTemp: Display: Loaded TP IOSTargetPlatform
[2019.03.06-13.36.10:165][  0]LogTemp: Display: Loaded TP TVOSTargetPlatform
[2019.03.06-13.36.10:165][  0]LogTemp: Display: Loaded TP TVOSTargetPlatform
[2019.03.06-13.36.10:179][  0]LogTemp: Display: Loaded TP LinuxClientTargetPlatform
[2019.03.06-13.36.10:192][  0]LogTemp: Display: Loaded TP LinuxNoEditorTargetPlatform
[2019.03.06-13.36.10:207][  0]LogTemp: Display: Loaded TP LinuxServerTargetPlatform
[2019.03.06-13.36.10:221][  0]LogTemp: Display: Loaded TP LinuxTargetPlatform
[2019.03.06-13.36.10:272][  0]LogTemp: Display: Loaded TP LuminTargetPlatform
[2019.03.06-13.36.10:272][  0]LogTemp: Display: Loaded TP LuminTargetPlatform
[2019.03.06-13.36.10:272][  0]LogTargetPlatformManager: Display: Building Assets For Windows
[2019.03.06-13.36.10:407][  0]LogShaderCompilers: Guid format shader working directory is -20 characters bigger than the processId version (../../../../../../Users/rdito/Documents/Unreal Projects/Inventory/Intermediate/Shaders/WorkingDirectory/22148/).
[2019.03.06-13.36.10:407][  0]LogShaderCompilers: Cleaned the shader compiler working directory 'C:/Users/rdito/AppData/Local/Temp/UnrealShaderWorkingDir/C7BC06ED4EAB6D8C74EFD991D03EA2BB/'.
[2019.03.06-13.36.10:410][  0]LogXGEController: Cannot use XGE Controller as Incredibuild is not installed on this machine.
[2019.03.06-13.36.10:410][  0]LogShaderCompilers: Cannot use XGE Shader Compiler as Incredibuild is not installed on this machine.
[2019.03.06-13.36.10:410][  0]LogShaderCompilers: Display: Using Local Shader Compiler.
[2019.03.06-13.36.11:217][  0]LogDerivedDataCache: Display: Max Cache Size: 512 MB
[2019.03.06-13.36.11:282][  0]LogDerivedDataCache: Loaded boot cache 0.06s 71MB C:/Users/rdito/AppData/Local/UnrealEngine/4.21/DerivedDataCache/Boot.ddc.
[2019.03.06-13.36.11:282][  0]LogDerivedDataCache: Display: Loaded Boot cache: C:/Users/rdito/AppData/Local/UnrealEngine/4.21/DerivedDataCache/Boot.ddc
[2019.03.06-13.36.11:282][  0]LogDerivedDataCache: FDerivedDataBackendGraph:  Pak pak cache file ../../../../../../Users/rdito/Documents/Unreal Projects/Inventory/DerivedDataCache/DDC.ddp not found, will not use a pak cache.
[2019.03.06-13.36.11:282][  0]LogDerivedDataCache: Unable to find inner node Pak for hierarchical cache Hierarchy.
[2019.03.06-13.36.11:282][  0]LogDerivedDataCache: FDerivedDataBackendGraph:  CompressedPak pak cache file ../../../../../../Users/rdito/Documents/Unreal Projects/Inventory/DerivedDataCache/Compressed.ddp not found, will not use a pak cache.
[2019.03.06-13.36.11:282][  0]LogDerivedDataCache: Unable to find inner node CompressedPak for hierarchical cache Hierarchy.
[2019.03.06-13.36.11:298][  0]LogDerivedDataCache: Display: Pak cache opened for reading ../../../Engine/DerivedDataCache/Compressed.ddp.
[2019.03.06-13.36.11:302][  0]LogDerivedDataCache: Display: Pak cache opened for reading ../../../Enterprise/DerivedDataCache/Compressed.ddp.
[2019.03.06-13.36.11:315][  0]LogDerivedDataCache: Using Local data cache path C:/Users/rdito/AppData/Local/UnrealEngine/Common/DerivedDataCache: Writable
[2019.03.06-13.36.11:315][  0]LogDerivedDataCache: Shared data cache path not found in *engine.ini, will not use an Shared cache.
[2019.03.06-13.36.11:315][  0]LogDerivedDataCache: Unable to find inner node Shared for hierarchical cache Hierarchy.
[2019.03.06-13.36.11:349][  0]LogMaterial: Verifying Global Shaders for PCD3D_SM5
[2019.03.06-13.36.11:351][  0]LogSlate: Using FreeType 2.6.0
[2019.03.06-13.36.11:352][  0]LogSlate: SlateFontServices - WITH_FREETYPE: 1, WITH_HARFBUZZ: 1
[2019.03.06-13.36.11:446][  0]LogAssetRegistry: FAssetRegistry took 0.0364 seconds to start up
[2019.03.06-13.36.11:846][  0]LogInit: Selected Device Profile: [Windows]
[2019.03.06-13.36.12:008][  0]LogSimplygon: Simplygon DLL not present - disabling.
[2019.03.06-13.36.12:013][  0]LogMeshReduction: Using SimplygonSwarm for distributed automatic mesh merging
[2019.03.06-13.36.12:013][  0]LogMeshReduction: Using ProxyLODMeshReduction for automatic mesh merging
[2019.03.06-13.36.12:013][  0]LogMeshReduction: Using QuadricMeshReduction for automatic static mesh reduction
[2019.03.06-13.36.12:013][  0]LogMeshReduction: No automatic skeletal mesh reduction module available
[2019.03.06-13.36.12:028][  0]LogNetVersion: Inventory 1.0.0, NetCL: 4541578, EngineNetVer: 5, GameNetVer: 0 (Checksum: 956317976)
[2019.03.06-13.36.12:986][  0]LogPackageLocalizationCache: Processed 14 localized package path(s) for 2 prioritized culture(s) in 0.224165 seconds
[2019.03.06-13.36.12:995][  0]LogUObjectArray: 39775 objects as part of root set at end of initial load.
[2019.03.06-13.36.12:995][  0]LogUObjectAllocator: 6914664 out of 0 bytes used by permanent object pool.
[2019.03.06-13.36.12:995][  0]LogUObjectArray: CloseDisregardForGC: 0/0 objects in disregard for GC pool
[2019.03.06-13.36.14:736][  0]LogTcpMessaging: Initializing TcpMessaging bridge
[2019.03.06-13.36.14:751][  0]LogUdpMessaging: Initializing bridge on interface 0.0.0.0:0 to multicast group 230.0.0.1:6666.
[2019.03.06-13.36.15:830][  0]SourceControl: Source control is disabled
[2019.03.06-13.36.15:830][  0]SourceControl: Source control is disabled
[2019.03.06-13.36.15:832][  0]SourceControl: Source control is disabled
[2019.03.06-13.36.15:833][  0]SourceControl: Source control is disabled
[2019.03.06-13.36.16:092][  0]LogAndroidPermission: UAndroidPermissionCallbackProxy::GetInstance
[2019.03.06-13.36.16:173][  0]LogOcInput: OculusInput pre-init called
[2019.03.06-13.36.18:665][  0]LogEngine: Initializing Engine...
[2019.03.06-13.36.18:666][  0]LogHMD: Failed to initialize OpenVR with code 110
[2019.03.06-13.36.18:667][  0]LogStats: UGameplayTagsManager::ConstructGameplayTagTree: ImportINI prefixes -  0.000 s
[2019.03.06-13.36.18:667][  0]LogStats: UGameplayTagsManager::ConstructGameplayTagTree: Construct from data asset -  0.000 s
[2019.03.06-13.36.18:667][  0]LogStats: UGameplayTagsManager::ConstructGameplayTagTree: ImportINI -  0.000 s
[2019.03.06-13.36.18:667][  0]LogStats: UGameplayTagsManager::ConstructGameplayTagTree: GameplayTagTreeChangedEvent.Broadcast -  0.000 s
[2019.03.06-13.36.18:944][  0]LogInit: Initializing FReadOnlyCVARCache
[2019.03.06-13.36.18:969][  0]LogAIModule: Creating AISystem for world Untitled
[2019.03.06-13.36.18:982][  0]LogInit: XAudio2 using 'Speakers / Headphones (Realtek(R) Audio)' : 2 channels at 44.1 kHz using 16 bits per sample (channel mask 0x3)
[2019.03.06-13.36.19:132][  0]LogInit: FAudioDevice initialized.
[2019.03.06-13.36.19:133][  0]LogNetVersion: Set ProjectVersion to 1.0.0.0. Version Checksum will be recalculated on next use.
[2019.03.06-13.36.19:285][  0]LogDerivedDataCache: Saved boot cache 0.15s 71MB C:/Users/rdito/AppData/Local/UnrealEngine/4.21/DerivedDataCache/Boot.ddc.
[2019.03.06-13.36.19:338][  0]LogInit: Texture streaming: Enabled
[2019.03.06-13.36.19:414][  0]LogEngineSessionManager: EngineSessionManager initialized
[2019.03.06-13.36.19:476][  0]LogInit: Transaction tracking system initialized
[2019.03.06-13.36.19:618][  0]BlueprintLog: New page: Editor Load
[2019.03.06-13.36.19:756][  0]LocalizationService: Localization service is disabled
[2019.03.06-13.36.20:524][  0]LogFileCache: Scanning file cache for directory 'C:/Users/rdito/Documents/Unreal Projects/Inventory/Content/' took 0.08s
[2019.03.06-13.36.20:524][  0]LogCook: Display: Max memory allowance for cook 16384mb min free memory 0mb
[2019.03.06-13.36.20:524][  0]LogCook: Display: Mobile HDR setting 1
[2019.03.06-13.36.20:524][  0]LogGameplayTags: Display: UGameplayTagsManager::DoneAddingNativeTags. DelegateIsBound: 0
[2019.03.06-13.36.20:524][  0]LogStats: UGameplayTagsManager::ConstructGameplayTagTree: ImportINI prefixes -  0.000 s
[2019.03.06-13.36.20:524][  0]LogStats: UGameplayTagsManager::ConstructGameplayTagTree: Construct from data asset -  0.000 s
[2019.03.06-13.36.20:525][  0]LogStats: UGameplayTagsManager::ConstructGameplayTagTree: ImportINI -  0.000 s
[2019.03.06-13.36.20:525][  0]LogStats: UGameplayTagsManager::ConstructGameplayTagTree: GameplayTagTreeChangedEvent.Broadcast -  0.000 s
[2019.03.06-13.36.23:583][  0]SourceControl: Source control is disabled
[2019.03.06-13.36.23:583][  0]Cmd: MAP LOAD FILE="../../../../../../Users/rdito/Documents/Unreal Projects/Inventory/Content/FirstPersonBP/Maps/FirstPersonExampleMap.umap" TEMPLATE=0 SHOWPROGRESS=1 FEATURELEVEL=3
[2019.03.06-13.36.23:584][  0]LightingResults: New page: Lighting Build
[2019.03.06-13.36.23:590][  0]MapCheck: New page: Map Check
[2019.03.06-13.36.23:590][  0]LightingResults: New page: Lighting Build
[2019.03.06-13.36.25:568][  0]LogAIModule: Creating AISystem for world FirstPersonExampleMap
[2019.03.06-13.36.25:608][  0]LogEditorServer: Finished looking for orphan Actors (0.000 secs)
[2019.03.06-13.36.25:644][  0]Cmd: MAP CHECKDEP NOCLEARLOG
[2019.03.06-13.36.25:644][  0]MapCheck: Map check complete: 0 Error(s), 0 Warning(s), took 0.332ms to complete.
[2019.03.06-13.36.25:644][  0]LogFileHelpers: Loading map 'FirstPersonExampleMap' took 2.061
[2019.03.06-13.36.25:817][  0]LogSlate: Updating window title bar state: overlay mode, drag disabled, window buttons hidden, title bar hidden
[2019.03.06-13.36.25:833][  0]LogSlate: Updating window title bar state: overlay mode, drag disabled, window buttons hidden, title bar hidden
[2019.03.06-13.36.25:848][  0]LogSlate: Updating window title bar state: overlay mode, drag disabled, window buttons hidden, title bar hidden
[2019.03.06-13.36.25:864][  0]LogSlate: Updating window title bar state: overlay mode, drag disabled, window buttons hidden, title bar hidden
[2019.03.06-13.36.25:890][  0]LogCollectionManager: Loaded 0 collections in 0.004495 seconds
[2019.03.06-13.36.25:925][  0]LogFileCache: Scanning file cache for directory 'C:/Users/rdito/Documents/Unreal Projects/Inventory/Saved/Collections/' took 0.01s
[2019.03.06-13.36.25:925][  0]LogFileCache: Scanning file cache for directory 'C:/Users/rdito/Documents/Unreal Projects/Inventory/Content/Developers/rdito/Collections/' took 0.00s
[2019.03.06-13.36.25:925][  0]LogFileCache: Scanning file cache for directory 'C:/Users/rdito/Documents/Unreal Projects/Inventory/Content/Collections/' took 0.00s
[2019.03.06-13.36.25:925][  0]LogCollectionManager: Rebuilt the GUID cache for 0 collections in 0.000001 seconds
[2019.03.06-13.36.25:944][  0]LogContentBrowser: Native class hierarchy populated in 0.0176 seconds. Added 2709 classes and 653 folders.
[2019.03.06-13.36.25:959][  0]LogContentBrowser: Native class hierarchy updated for 'WidgetCarousel' in 0.0004 seconds. Added 0 classes and 0 folders.
[2019.03.06-13.36.25:974][  0]LogPakFile: Registered encryption key '00000000000000000000000000000000': 0 pak files mounted, 0 remain pending
[2019.03.06-13.36.25:986][  0]LogPakFile: Registered encryption key '00000000000000000000000000000000': 0 pak files mounted, 0 remain pending
[2019.03.06-13.36.26:028][  0]LogPakFile: Registered encryption key '00000000000000000000000000000000': 0 pak files mounted, 0 remain pending
[2019.03.06-13.36.26:043][  0]LogPakFile: Registered encryption key '00000000000000000000000000000000': 0 pak files mounted, 0 remain pending
[2019.03.06-13.36.26:057][  0]LogPakFile: Registered encryption key '00000000000000000000000000000000': 0 pak files mounted, 0 remain pending
[2019.03.06-13.36.26:073][  0]LogPakFile: Registered encryption key '00000000000000000000000000000000': 0 pak files mounted, 0 remain pending
[2019.03.06-13.36.26:087][  0]LogPakFile: Registered encryption key '00000000000000000000000000000000': 0 pak files mounted, 0 remain pending
[2019.03.06-13.36.26:103][  0]LogPakFile: Registered encryption key '00000000000000000000000000000000': 0 pak files mounted, 0 remain pending
[2019.03.06-13.36.26:139][  0]LogPakFile: Registered encryption key '00000000000000000000000000000000': 0 pak files mounted, 0 remain pending
[2019.03.06-13.36.26:160][  0]LogPakFile: Registered encryption key '00000000000000000000000000000000': 0 pak files mounted, 0 remain pending
[2019.03.06-13.36.26:180][  0]LogPakFile: Registered encryption key '00000000000000000000000000000000': 0 pak files mounted, 0 remain pending
[2019.03.06-13.36.26:196][  0]LogPakFile: Registered encryption key '00000000000000000000000000000000': 0 pak files mounted, 0 remain pending
[2019.03.06-13.36.26:217][  0]LogPakFile: Registered encryption key '00000000000000000000000000000000': 0 pak files mounted, 0 remain pending
[2019.03.06-13.36.26:227][  0]LogPakFile: Registered encryption key '00000000000000000000000000000000': 0 pak files mounted, 0 remain pending
[2019.03.06-13.36.26:239][  0]LogPakFile: Registered encryption key '00000000000000000000000000000000': 0 pak files mounted, 0 remain pending
[2019.03.06-13.36.26:251][  0]LogPakFile: Registered encryption key '00000000000000000000000000000000': 0 pak files mounted, 0 remain pending
[2019.03.06-13.36.26:369][  0]LogPakFile: Registered encryption key '00000000000000000000000000000000': 0 pak files mounted, 0 remain pending
[2019.03.06-13.36.26:383][  0]LogPakFile: Registered encryption key '00000000000000000000000000000000': 0 pak files mounted, 0 remain pending
[2019.03.06-13.36.26:394][  0]LogPakFile: Registered encryption key '00000000000000000000000000000000': 0 pak files mounted, 0 remain pending
[2019.03.06-13.36.26:409][  0]LogPakFile: Registered encryption key '00000000000000000000000000000000': 0 pak files mounted, 0 remain pending
[2019.03.06-13.36.26:519][  0]LogPakFile: Registered encryption key '00000000000000000000000000000000': 0 pak files mounted, 0 remain pending
[2019.03.06-13.36.26:531][  0]LogPakFile: Registered encryption key '00000000000000000000000000000000': 0 pak files mounted, 0 remain pending
[2019.03.06-13.36.26:544][  0]LogPakFile: Registered encryption key '00000000000000000000000000000000': 0 pak files mounted, 0 remain pending
[2019.03.06-13.36.26:557][  0]LogPakFile: Registered encryption key '00000000000000000000000000000000': 0 pak files mounted, 0 remain pending
[2019.03.06-13.36.26:569][  0]LogPakFile: Registered encryption key '00000000000000000000000000000000': 0 pak files mounted, 0 remain pending
[2019.03.06-13.36.26:577][  0]LogPakFile: Registered encryption key '00000000000000000000000000000000': 0 pak files mounted, 0 remain pending
[2019.03.06-13.36.26:586][  0]LogPakFile: Registered encryption key '00000000000000000000000000000000': 0 pak files mounted, 0 remain pending
[2019.03.06-13.36.26:594][  0]LogPakFile: Registered encryption key '00000000000000000000000000000000': 0 pak files mounted, 0 remain pending
[2019.03.06-13.36.26:869][  0]LogContentBrowser: Native class hierarchy updated for 'AddContentDialog' in 0.0004 seconds. Added 0 classes and 0 folders.
[2019.03.06-13.36.26:888][  0]LogContentBrowser: Native class hierarchy updated for 'SceneOutliner' in 0.0005 seconds. Added 1 classes and 2 folders.
[2019.03.06-13.36.28:987][  0]LogSlate: Only BGRA pngs, bmps or icos are supported in by External Image Picker
[2019.03.06-13.36.29:078][  0]LogSlate: Took 0.000280 seconds to synchronously load lazily loaded font '../../../Engine/Content/Slate/Fonts/Roboto-Regular.ttf' (155K)
[2019.03.06-13.36.29:083][  0]LogSlate: Took 0.000357 seconds to synchronously load lazily loaded font '../../../Engine/Content/Slate/Fonts/Roboto-Bold.ttf' (160K)
[2019.03.06-13.36.29:105][  0]LogTemp: Executing iPhonePackager certificates Engine -bundlename com.YourCompany.Inventory
[2019.03.06-13.36.29:105][  0]LogTemp: CWD: C:\Program Files\Epic Games\UE_4.21\Engine\Binaries\DotNET\IOS
[2019.03.06-13.36.29:105][  0]LogTemp: Initial Dir: C:\Program Files\Epic Games\UE_4.21
[2019.03.06-13.36.29:105][  0]LogTemp: Env CWD: C:\Program Files\Epic Games\UE_4.21\Engine\Binaries\DotNET\IOS
[2019.03.06-13.36.29:105][  0]LogSlate: Took 0.009957 seconds to synchronously load lazily loaded font '../../../Engine/Content/Editor/Slate/Fonts/FontAwesome.ttf' (139K)
[2019.03.06-13.36.29:343][  0]LogTemp: BranchPath = LAPTOP-6V312PD5/C/Program Files/Epic Games/UE_4.21/Engine/Binaries --- GameBranchPath = LAPTOP-6V312PD5/C/Program Files/Epic Games/UE_4.21/Engine/Binaries
[2019.03.06-13.36.29:343][  0]LogTemp: IPP ERROR: Could not find provision directory 'C:\Users\rdito\AppData\Local/Apple Computer/MobileDevice/Provisioning Profiles/'.
[2019.03.06-13.36.29:343][  0]LogRenderer: Reallocating scene render targets to support 1264x636 Format 10 NumSamples 1 (Frame:1).
[2019.03.06-13.36.29:707][  0]LogContentBrowser: Native class hierarchy updated for 'HierarchicalLODOutliner' in 0.0005 seconds. Added 0 classes and 0 folders.
[2019.03.06-13.36.29:708][  0]LogLoad: (Engine Initialization) Total time: 25.47 seconds
[2019.03.06-13.36.29:708][  0]LogLoad: (Engine Initialization) Total Blueprint compile time: 0.00 seconds
[2019.03.06-13.36.29:859][  0]LogContentStreaming: Texture pool size now 1000 MB
[2019.03.06-13.36.29:910][  0]LogSlate: Took 0.008367 seconds to synchronously load lazily loaded font '../../../Engine/Content/Slate/Fonts/Roboto-Light.ttf' (167K)
[2019.03.06-13.36.31:881][  4]LogAssetRegistry: Asset discovery search completed in 20.4583 seconds
[2019.03.06-13.36.31:884][  4]LogCollectionManager: Rebuilt the object cache for 0 collections in 0.000001 seconds (found 0 objects)
[2019.03.06-13.36.31:884][  4]LogCollectionManager: Fixed up redirectors for 0 collections in 0.000099 seconds (updated 0 objects)
[2019.03.06-13.36.31:904][  4]LogSlate: Took 0.000319 seconds to synchronously load lazily loaded font '../../../Engine/Content/Slate/Fonts/Roboto-Light.ttf' (167K)
[2019.03.06-13.36.35:659][ 41]LogSlate: FSceneViewport::OnFocusLost() reason 0
[2019.03.06-13.36.35:930][ 44]LogAssetEditorManager: Opening Asset editor for Blueprint /Game/InventoryMechanics/InventoryComponent.InventoryComponent
[2019.03.06-13.36.36:797][ 44]LogContentBrowser: Native class hierarchy updated for 'BlueprintGraph' in 0.0009 seconds. Added 117 classes and 0 folders.
[2019.03.06-13.36.38:342][ 44]LogSlate: Took 0.009124 seconds to synchronously load lazily loaded font '../../../Engine/Content/Slate/Fonts/Roboto-BoldCondensed.ttf' (158K)
[2019.03.06-13.36.38:536][ 45]LogSlate: Took 0.021508 seconds to synchronously load lazily loaded font '../../../Engine/Content/Slate/Fonts/Roboto-Italic.ttf' (157K)
[2019.03.06-13.36.41:254][ 96]LogSlate: Window 'InventoryComponent' being destroyed
[2019.03.06-13.37.15:256][776]BlueprintLog: New page: Compile InventoryComponent
[2019.03.06-13.37.37:328][965]LogAssetEditorManager: Opening Asset editor for WidgetBlueprint /Game/InventoryMechanics/InventoryUI/InventorySlot.InventorySlot
[2019.03.06-13.37.43:980][169]LogAssetEditorManager: Opening Asset editor for WidgetBlueprint /Game/InventoryMechanics/InventoryUI/InventorWIndow.InventorWIndow
[2019.03.06-13.37.56:159][563]BlueprintLog: New page: Compile InventorWIndow
[2019.03.06-13.44.01:044][687]LogAssetEditorManager: Opening Asset editor for Blueprint /Game/InventoryMechanics/Item/Item.Item
[2019.03.06-13.44.24:618][625]BlueprintLog: New page: Compile Item
[2019.03.06-13.47.02:612][268]LogSavePackage: Moving '../../../../../../Users/rdito/Documents/Unreal Projects/Inventory/Saved/FirstPersonExampleMap_Auto10C197FB349EB2B649DB1DEB7A991CD25.tmp' to '../../../../../../Users/rdito/Documents/Unreal Projects/Inventory/Saved/Autosaves/Game/FirstPersonBP/Maps/FirstPersonExampleMap_Auto1.umap'
[2019.03.06-13.47.02:622][268]LogFileHelpers: Editor autosave (incl. sublevels) for '/Game/FirstPersonBP/Maps/FirstPersonExampleMap' took 0.490
[2019.03.06-13.47.02:623][268]LogFileHelpers: Editor autosave (incl. sublevels) for all levels took 0.490
[2019.03.06-13.47.02:630][268]OBJ SavePackage: Generating thumbnails for [0] asset(s) in package [/Game/InventoryMechanics/InventoryComponent] ([1] browsable assets)...
[2019.03.06-13.47.02:630][268]OBJ SavePackage: Finished generating thumbnails for package [/Game/InventoryMechanics/InventoryComponent]
[2019.03.06-13.47.02:739][268]LogSavePackage: Moving '../../../../../../Users/rdito/Documents/Unreal Projects/Inventory/Saved/InventoryComponent_Auto1495D2D5541E47B745166DDA3B6946A7C.tmp' to '../../../../../../Users/rdito/Documents/Unreal Projects/Inventory/Saved/Autosaves/Game/InventoryMechanics/InventoryComponent_Auto1.uasset'
[2019.03.06-13.47.02:741][268]OBJ SavePackage: Generating thumbnails for [0] asset(s) in package [/Game/InventoryMechanics/Item/Item] ([1] browsable assets)...
[2019.03.06-13.47.02:741][268]OBJ SavePackage: Finished generating thumbnails for package [/Game/InventoryMechanics/Item/Item]
[2019.03.06-13.47.02:785][268]LogSavePackage: Moving '../../../../../../Users/rdito/Documents/Unreal Projects/Inventory/Saved/Item_Auto1A8E76085404C6E23C707409FCD58AEF6.tmp' to '../../../../../../Users/rdito/Documents/Unreal Projects/Inventory/Saved/Autosaves/Game/InventoryMechanics/Item/Item_Auto1.uasset'
[2019.03.06-13.47.02:787][268]OBJ SavePackage: Generating thumbnails for [0] asset(s) in package [/Game/InventoryMechanics/InventoryUI/InventorWIndow] ([1] browsable assets)...
[2019.03.06-13.47.02:787][268]OBJ SavePackage: Finished generating thumbnails for package [/Game/InventoryMechanics/InventoryUI/InventorWIndow]
[2019.03.06-13.47.02:850][268]LogSavePackage: Moving '../../../../../../Users/rdito/Documents/Unreal Projects/Inventory/Saved/InventorWIndow_Auto178917D474AD809F2EC48BCA0AEF6656E.tmp' to '../../../../../../Users/rdito/Documents/Unreal Projects/Inventory/Saved/Autosaves/Game/InventoryMechanics/InventoryUI/InventorWIndow_Auto1.uasset'
[2019.03.06-13.47.02:855][268]OBJ SavePackage: Generating thumbnails for [0] asset(s) in package [/Game/InventoryMechanics/InventoryUI/InventorySlot] ([1] browsable assets)...
[2019.03.06-13.47.02:855][268]OBJ SavePackage: Finished generating thumbnails for package [/Game/InventoryMechanics/InventoryUI/InventorySlot]
[2019.03.06-13.47.02:914][268]LogSavePackage: Moving '../../../../../../Users/rdito/Documents/Unreal Projects/Inventory/Saved/InventorySlot_Auto1E652B97A47BD471709A985BEA5F8B50C.tmp' to '../../../../../../Users/rdito/Documents/Unreal Projects/Inventory/Saved/Autosaves/Game/InventoryMechanics/InventoryUI/InventorySlot_Auto1.uasset'
[2019.03.06-13.47.02:916][268]LogFileHelpers: Auto-saving content packages took 0.287
[2019.03.06-13.49.12:459][468]BlueprintLog: New page: Compile InventorySlot
[2019.03.06-13.57.03:431][991]LogFileHelpers: Editor autosave (incl. sublevels) for '/Game/FirstPersonBP/Maps/FirstPersonExampleMap' took 0.092
[2019.03.06-13.57.03:434][991]OBJ SavePackage: Generating thumbnails for [0] asset(s) in package [/Game/InventoryMechanics/InventoryUI/InventorWIndow] ([1] browsable assets)...
[2019.03.06-13.57.03:434][991]OBJ SavePackage: Finished generating thumbnails for package [/Game/InventoryMechanics/InventoryUI/InventorWIndow]
[2019.03.06-13.57.03:511][991]LogSavePackage: Moving '../../../../../../Users/rdito/Documents/Unreal Projects/Inventory/Saved/InventorWIndow_Auto2E69D39DE4133AB3A1FDA3CA843466B21.tmp' to '../../../../../../Users/rdito/Documents/Unreal Projects/Inventory/Saved/Autosaves/Game/InventoryMechanics/InventoryUI/InventorWIndow_Auto2.uasset'
[2019.03.06-13.57.03:514][991]OBJ SavePackage: Generating thumbnails for [0] asset(s) in package [/Game/InventoryMechanics/InventoryUI/InventorySlot] ([1] browsable assets)...
[2019.03.06-13.57.03:514][991]OBJ SavePackage: Finished generating thumbnails for package [/Game/InventoryMechanics/InventoryUI/InventorySlot]
[2019.03.06-13.57.03:593][991]LogSavePackage: Moving '../../../../../../Users/rdito/Documents/Unreal Projects/Inventory/Saved/InventorySlot_Auto298E87B7F467F72CE9837FD8D614A6C7A.tmp' to '../../../../../../Users/rdito/Documents/Unreal Projects/Inventory/Saved/Autosaves/Game/InventoryMechanics/InventoryUI/InventorySlot_Auto2.uasset'
[2019.03.06-13.57.03:595][991]LogFileHelpers: Auto-saving content packages took 0.162
[2019.03.06-14.03.29:884][939]LogUnrealEdMisc: Warning: Heartbeat event firing too frequently (5.692 sec). This should never happen. Something is wrong with the timer delegate!
[2019.03.06-14.03.48:293][994]LogD3D11RHI: Timed out while waiting for GPU to catch up. (0.5 s)
[2019.03.06-14.05.32:035][ 13]LogD3D11RHI: Timed out while waiting for GPU to catch up. (0.5 s)
[2019.03.06-14.05.32:036][ 13]LogUnrealEdMisc: Warning: Heartbeat event firing too frequently (0.000 sec). This should never happen. Something is wrong with the timer delegate!
[2019.03.06-14.10.08:966][336]LogUnrealEdMisc: Warning: Heartbeat event firing too frequently (0.000 sec). This should never happen. Something is wrong with the timer delegate!
[2019.03.06-14.10.30:045][399]LogUnrealEdMisc: Warning: Heartbeat event firing too frequently (21.079 sec). This should never happen. Something is wrong with the timer delegate!
[2019.03.06-14.20.52:698][427]LogRenderer: Reallocating scene render targets to support 1264x664 Format 10 NumSamples 1 (Frame:309).
[2019.03.06-14.20.52:895][427]LogUnrealEdMisc: Warning: Heartbeat event firing too frequently (0.000 sec). This should never happen. Something is wrong with the timer delegate!
[2019.03.06-14.20.52:895][427]LogUnrealEdMisc: Warning: Heartbeat event firing too frequently (0.000 sec). This should never happen. Something is wrong with the timer delegate!
[2019.03.06-14.20.52:896][427]LogUnrealEdMisc: Warning: Heartbeat event firing too frequently (0.000 sec). This should never happen. Something is wrong with the timer delegate!
[2019.03.06-14.20.52:896][427]LogUnrealEdMisc: Warning: Heartbeat event firing too frequently (0.000 sec). This should never happen. Something is wrong with the timer delegate!
[2019.03.06-14.20.52:896][427]LogUnrealEdMisc: Warning: Heartbeat event firing too frequently (0.001 sec). This should never happen. Something is wrong with the timer delegate!
[2019.03.06-14.20.52:896][427]LogUnrealEdMisc: Warning: Heartbeat event firing too frequently (0.001 sec). This should never happen. Something is wrong with the timer delegate!
[2019.03.06-14.20.52:896][427]LogUnrealEdMisc: Warning: Heartbeat event firing too frequently (0.001 sec). This should never happen. Something is wrong with the timer delegate!
[2019.03.06-14.20.52:896][427]LogUnrealEdMisc: Warning: Heartbeat event firing too frequently (0.001 sec). This should never happen. Something is wrong with the timer delegate!
[2019.03.06-14.20.52:896][427]LogUnrealEdMisc: Warning: Heartbeat event firing too frequently (0.001 sec). This should never happen. Something is wrong with the timer delegate!
[2019.03.06-14.21.29:765][531]LogUnrealEdMisc: Warning: Heartbeat event firing too frequently (36.869 sec). This should never happen. Something is wrong with the timer delegate!
