Log file open, 02/25/19 21:05:55
LogWindows: Failed to load 'aqProf.dll' (GetLastError=126)
LogWindows: File 'aqProf.dll' does not exist
LogWindows: Failed to load 'VtuneApi.dll' (GetLastError=126)
LogWindows: File 'VtuneApi.dll' does not exist
LogWindows: Failed to load 'VtuneApi32e.dll' (GetLastError=126)
LogWindows: File 'VtuneApi32e.dll' does not exist
LogConsoleResponse: Display: Failed to find resolution value strings in scalability ini. Falling back to default.
LogInit: Display: Running engine for game: Dialogue
LogPakFile: Registered encryption key '00000000000000000000000000000000': 0 pak files mounted, 0 remain pending
LogPlatformFile: Not using cached read wrapper
LogTaskGraph: Started task graph with 5 named threads and 11 total threads with 3 sets of task threads.
LogStats: Stats thread started at 0.420211
LogD3D11RHI: Loaded GFSDK_Aftermath_Lib.x64.dll
LogICUInternationalization: ICU TimeZone Detection - Raw Offset: -6:00, Platform Override: ''
LogPluginManager: Mounting plugin Paper2D
LogPluginManager: Mounting plugin AISupport
LogPluginManager: Mounting plugin LightPropagationVolume
LogPluginManager: Mounting plugin ActorLayerUtilities
LogPluginManager: Mounting plugin CLionSourceCodeAccess
LogPluginManager: Mounting plugin CodeLiteSourceCodeAccess
LogPluginManager: Mounting plugin GitSourceControl
LogPluginManager: Mounting plugin KDevelopSourceCodeAccess
LogPluginManager: Mounting plugin NullSourceCodeAccess
LogPluginManager: Mounting plugin PerforceSourceControl
LogPluginManager: Mounting plugin SubversionSourceControl
LogPluginManager: Mounting plugin UObjectPlugin
LogPluginManager: Mounting plugin VisualStudioCodeSourceCodeAccess
LogPluginManager: Mounting plugin VisualStudioSourceCodeAccess
LogPluginManager: Mounting plugin XCodeSourceCodeAccess
LogPluginManager: Mounting plugin AssetManagerEditor
LogPluginManager: Mounting plugin CryptoKeys
LogPluginManager: Mounting plugin DataValidation
LogPluginManager: Mounting plugin EditorScriptingUtilities
LogPluginManager: Mounting plugin FacialAnimation
LogPluginManager: Mounting plugin GameplayTagsEditor
LogPluginManager: Mounting plugin MacGraphicsSwitching
LogPluginManager: Mounting plugin MeshEditor
LogPluginManager: Mounting plugin MobileLauncherProfileWizard
LogPluginManager: Mounting plugin PluginBrowser
LogPluginManager: Mounting plugin SpeedTreeImporter
LogPluginManager: Mounting plugin DatasmithContent
LogPluginManager: Mounting plugin VariantManagerContent
LogPluginManager: Mounting plugin AlembicImporter
LogPluginManager: Mounting plugin AppleImageUtils
LogPluginManager: Mounting plugin AppleVision
LogPluginManager: Mounting plugin BackChannel
LogPluginManager: Mounting plugin CharacterAI
LogPluginManager: Mounting plugin GeometryCache
LogPluginManager: Mounting plugin HTML5Networking
LogPluginManager: Mounting plugin ProxyLODPlugin
LogPluginManager: Mounting plugin MagicLeap
LogPluginManager: Mounting plugin MagicLeapMedia
LogPluginManager: Mounting plugin AndroidMedia
LogPluginManager: Mounting plugin AvfMedia
LogPluginManager: Mounting plugin ImgMedia
LogPluginManager: Mounting plugin LinearTimecode
LogPluginManager: Mounting plugin MediaCompositing
LogPluginManager: Mounting plugin MediaPlayerEditor
LogPluginManager: Mounting plugin WebMMedia
LogPluginManager: Mounting plugin WmfMedia
LogPluginManager: Mounting plugin TcpMessaging
LogPluginManager: Mounting plugin UdpMessaging
LogPluginManager: Mounting plugin ActorSequence
LogPluginManager: Mounting plugin LevelSequenceEditor
LogPluginManager: Mounting plugin MatineeToLevelSequence
LogPluginManager: Mounting plugin NetcodeUnitTest
LogPluginManager: Mounting plugin NUTUnrealEngine4
LogPluginManager: Mounting plugin OnlineSubsystemGooglePlay
LogPluginManager: Mounting plugin OnlineSubsystemIOS
LogPluginManager: Mounting plugin OnlineSubsystem
LogPluginManager: Mounting plugin OnlineSubsystemNull
LogPluginManager: Mounting plugin OnlineSubsystemUtils
LogPluginManager: Mounting plugin LauncherChunkInstaller
LogPluginManager: Mounting plugin AndroidDeviceProfileSelector
LogPluginManager: Mounting plugin AndroidMoviePlayer
LogPluginManager: Mounting plugin AndroidPermission
LogPluginManager: Mounting plugin AppleMoviePlayer
LogPluginManager: Mounting plugin ArchVisCharacter
LogPluginManager: Mounting plugin AudioCapture
LogPluginManager: Mounting plugin CableComponent
LogPluginManager: Mounting plugin CustomMeshComponent
LogPluginManager: Mounting plugin EditableMesh
LogPluginManager: Mounting plugin ExampleDeviceProfileSelector
LogPluginManager: Mounting plugin Firebase
LogPluginManager: Mounting plugin GoogleCloudMessaging
LogPluginManager: Mounting plugin IOSDeviceProfileSelector
LogPluginManager: Mounting plugin LinuxDeviceProfileSelector
LogPluginManager: Mounting plugin LocationServicesBPLibrary
LogPluginManager: Mounting plugin MobilePatchingUtils
LogPluginManager: Mounting plugin OculusVR
LogPluginManager: Mounting plugin PhysXVehicles
LogPluginManager: Mounting plugin ProceduralMeshComponent
LogPluginManager: Mounting plugin RuntimePhysXCooking
LogPluginManager: Mounting plugin SteamVR
LogPluginManager: Mounting plugin WebMMoviePlayer
LogPluginManager: Mounting plugin WindowsMoviePlayer
LogPluginManager: Mounting plugin DatasmithCADImporter
LogPluginManager: Mounting plugin DatasmithFBXImporter
LogPluginManager: Mounting plugin DatasmithImporter
LogPluginManager: Mounting plugin MDLImporter
LogPluginManager: Mounting plugin StaticMeshEditorExtension
LogPluginManager: Mounting plugin VariantManager
LogStreaming: Display: Took  0.280s to configure plugins.
LogInit: Using libcurl 7.55.1-DEV
LogInit:  - built for x86_64-pc-win32
LogInit:  - supports SSL with OpenSSL/1.0.2h
LogInit:  - supports HTTP deflate (compression) using libz 1.2.8
LogInit:  - other features:
LogInit:      CURL_VERSION_SSL
LogInit:      CURL_VERSION_LIBZ
LogInit:      CURL_VERSION_IPV6
LogInit:      CURL_VERSION_ASYNCHDNS
LogInit:      CURL_VERSION_LARGEFILE
LogInit:      CURL_VERSION_IDN
LogInit:  CurlRequestOptions (configurable via config and command line):
LogInit:  - bVerifyPeer = true  - Libcurl will verify peer certificate
LogInit:  - bUseHttpProxy = false  - Libcurl will NOT use HTTP proxy
LogInit:  - bDontReuseConnections = false  - Libcurl will reuse connections
LogInit:  - MaxHostConnections = 16  - Libcurl will limit the number of connections to a host
LogInit:  - LocalHostAddr = Default
LogInit:  - BufferSize = 65536
LogInit: WinSock: version 1.1 (2.2), MaxSocks=32767, MaxUdp=65467
LogInit: Build: ++UE4+Release-4.21-CL-4753647
LogInit: Engine Version: 4.21.2-4753647+++UE4+Release-4.21
LogInit: Compatible Engine Version: 4.21.0-4541578+++UE4+Release-4.21
LogInit: Net CL: 4541578
LogInit: OS: Windows 10 (), CPU: Intel(R) Core(TM) i7-7Y75 CPU @ 1.30GHz, GPU: Intel(R) HD Graphics 615
LogInit: Compiled (64-bit): Jan 19 2019 02:07:31
LogInit: Compiled with Visual C++: 19.13.26129.00
LogInit: Build Configuration: Development
LogInit: Branch Name: ++UE4+Release-4.21
LogInit: Command Line: 
LogInit: Base Directory: C:/Program Files/Epic Games/UE_4.21/Engine/Binaries/Win64/
LogInit: Installed Engine Build: 1
LogDevObjectVersion: Number of dev versions registered: 22
LogDevObjectVersion:   Dev-Blueprints (B0D832E4-1F89-4F0D-ACCF-7EB736FD4AA2): 10
LogDevObjectVersion:   Dev-Build (E1C64328-A22C-4D53-A36C-8E866417BD8C): 0
LogDevObjectVersion:   Dev-Core (375EC13C-06E4-48FB-B500-84F0262A717E): 2
LogDevObjectVersion:   Dev-Editor (E4B068ED-F494-42E9-A231-DA0B2E46BB41): 26
LogDevObjectVersion:   Dev-Framework (CFFC743F-43B0-4480-9391-14DF171D2073): 34
LogDevObjectVersion:   Dev-Mobile (B02B49B5-BB20-44E9-A304-32B752E40360): 2
LogDevObjectVersion:   Dev-Networking (A4E4105C-59A1-49B5-A7C5-40C4547EDFEE): 0
LogDevObjectVersion:   Dev-Online (39C831C9-5AE6-47DC-9A44-9C173E1C8E7C): 0
LogDevObjectVersion:   Dev-Physics (78F01B33-EBEA-4F98-B9B4-84EACCB95AA2): 0
LogDevObjectVersion:   Dev-Platform (6631380F-2D4D-43E0-8009-CF276956A95A): 0
LogDevObjectVersion:   Dev-Rendering (12F88B9F-8875-4AFC-A67C-D90C383ABD29): 27
LogDevObjectVersion:   Dev-Sequencer (7B5AE74C-D270-4C10-A958-57980B212A5A): 9
LogDevObjectVersion:   Dev-VR (D7296918-1DD6-4BDD-9DE2-64A83CC13884): 2
LogDevObjectVersion:   Dev-LoadTimes (C2A15278-BFE7-4AFE-6C17-90FF531DF755): 1
LogDevObjectVersion:   Private-Geometry (6EACA3D4-40EC-4CC1-B786-8BED09428FC5): 3
LogDevObjectVersion:   Dev-AnimPhys (29E575DD-E0A3-4627-9D10-D276232CDCEA): 17
LogDevObjectVersion:   Dev-Anim (AF43A65D-7FD3-4947-9873-3E8ED9C1BB05): 2
LogDevObjectVersion:   Dev-ReflectionCapture (6B266CEC-1EC7-4B8F-A30B-E4D90942FC07): 1
LogDevObjectVersion:   Dev-Automation (0DF73D61-A23F-47EA-B727-89E90C41499A): 1
LogDevObjectVersion:   FortniteMain (601D1886-AC64-4F84-AA16-D3DE0DEAC7D6): 17
LogDevObjectVersion:   Dev-Enterprise (9DFFBCD6-494F-0158-E221-12823C92A888): 4
LogDevObjectVersion:   Dev-Niagara (F2AED0AC-9AFE-416F-8664-AA7FFA26D6FC): 1
LogStreaming: Display: Took  0.001s to delete old logs.
LogInit: Presizing for max 8388607 objects, including 0 objects not considered by GC, pre-allocating 0 bytes for permanent pool.
LogInit: Object subsystem initialized
LogConfig: Setting CVar [[con.DebugEarlyDefault:1]]
LogConfig: Setting CVar [[r.setres:1280x720]]
[2019.02.26-03.05.56:206][  0]LogConfig: Setting CVar [[r.VSync:0]]
[2019.02.26-03.05.56:206][  0]LogConfig: Setting CVar [[r.RHICmdBypass:0]]
[2019.02.26-03.05.56:207][  0]LogConfig: Applying CVar settings from Section [/Script/Engine.RendererSettings] File [C:/Users/rdito/Desktop/Infinity-War/Dialogue/Saved/Config/Windows/Engine.ini]
[2019.02.26-03.05.56:207][  0]LogConfig: Setting CVar [[r.GPUCrashDebugging:0]]
[2019.02.26-03.05.56:207][  0]LogConfig: Applying CVar settings from Section [/Script/Engine.RendererOverrideSettings] File [C:/Users/rdito/Desktop/Infinity-War/Dialogue/Saved/Config/Windows/Engine.ini]
[2019.02.26-03.05.56:207][  0]LogConfig: Applying CVar settings from Section [/Script/Engine.StreamingSettings] File [C:/Users/rdito/Desktop/Infinity-War/Dialogue/Saved/Config/Windows/Engine.ini]
[2019.02.26-03.05.56:207][  0]LogConfig: Setting CVar [[s.MinBulkDataSizeForAsyncLoading:131072]]
[2019.02.26-03.05.56:207][  0]LogConfig: Setting CVar [[s.AsyncLoadingThreadEnabled:0]]
[2019.02.26-03.05.56:207][  0]LogConfig: Setting CVar [[s.EventDrivenLoaderEnabled:1]]
[2019.02.26-03.05.56:207][  0]LogConfig: Setting CVar [[s.WarnIfTimeLimitExceeded:0]]
[2019.02.26-03.05.56:207][  0]LogConfig: Setting CVar [[s.TimeLimitExceededMultiplier:1.5]]
[2019.02.26-03.05.56:207][  0]LogConfig: Setting CVar [[s.TimeLimitExceededMinTime:0.005]]
[2019.02.26-03.05.56:207][  0]LogConfig: Setting CVar [[s.UseBackgroundLevelStreaming:1]]
[2019.02.26-03.05.56:207][  0]LogConfig: Setting CVar [[s.PriorityAsyncLoadingExtraTime:15.0]]
[2019.02.26-03.05.56:207][  0]LogConfig: Setting CVar [[s.LevelStreamingActorsUpdateTimeLimit:5.0]]
[2019.02.26-03.05.56:207][  0]LogConfig: Setting CVar [[s.PriorityLevelStreamingActorsUpdateExtraTime:5.0]]
[2019.02.26-03.05.56:207][  0]LogConfig: Setting CVar [[s.LevelStreamingComponentsRegistrationGranularity:10]]
[2019.02.26-03.05.56:207][  0]LogConfig: Setting CVar [[s.UnregisterComponentsTimeLimit:1.0]]
[2019.02.26-03.05.56:207][  0]LogConfig: Setting CVar [[s.LevelStreamingComponentsUnregistrationGranularity:5]]
[2019.02.26-03.05.56:207][  0]LogConfig: Applying CVar settings from Section [/Script/Engine.GarbageCollectionSettings] File [C:/Users/rdito/Desktop/Infinity-War/Dialogue/Saved/Config/Windows/Engine.ini]
[2019.02.26-03.05.56:207][  0]LogConfig: Setting CVar [[gc.MaxObjectsNotConsideredByGC:1]]
[2019.02.26-03.05.56:207][  0]LogConfig: Setting CVar [[gc.SizeOfPermanentObjectPool:0]]
[2019.02.26-03.05.56:207][  0]LogConfig: Setting CVar [[gc.FlushStreamingOnGC:0]]
[2019.02.26-03.05.56:207][  0]LogConfig: Setting CVar [[gc.NumRetriesBeforeForcingGC:10]]
[2019.02.26-03.05.56:207][  0]LogConfig: Setting CVar [[gc.AllowParallelGC:1]]
[2019.02.26-03.05.56:207][  0]LogConfig: Setting CVar [[gc.TimeBetweenPurgingPendingKillObjects:61.1]]
[2019.02.26-03.05.56:207][  0]LogConfig: Setting CVar [[gc.MaxObjectsInEditor:8388607]]
[2019.02.26-03.05.56:207][  0]LogConfig: Setting CVar [[gc.IncrementalBeginDestroyEnabled:1]]
[2019.02.26-03.05.56:208][  0]LogConfig: Setting CVar [[gc.CreateGCClusters:1]]
[2019.02.26-03.05.56:208][  0]LogConfig: Setting CVar [[gc.MergeGCClusters:0]]
[2019.02.26-03.05.56:208][  0]LogConfig: Setting CVar [[gc.MinGCClusterSize:5]]
[2019.02.26-03.05.56:208][  0]LogConfig: Setting CVar [[gc.ActorClusteringEnabled:0]]
[2019.02.26-03.05.56:208][  0]LogConfig: Setting CVar [[gc.BlueprintClusteringEnabled:0]]
[2019.02.26-03.05.56:208][  0]LogConfig: Setting CVar [[gc.UseDisregardForGCOnDedicatedServers:0]]
[2019.02.26-03.05.56:208][  0]LogConfig: Applying CVar settings from Section [/Script/Engine.NetworkSettings] File [C:/Users/rdito/Desktop/Infinity-War/Dialogue/Saved/Config/Windows/Engine.ini]
[2019.02.26-03.05.56:208][  0]LogConfig: Applying CVar settings from Section [/Script/UnrealEd.CookerSettings] File [C:/Users/rdito/Desktop/Infinity-War/Dialogue/Saved/Config/Windows/Engine.ini]
[2019.02.26-03.05.56:223][  0]LogConfig: Applying CVar settings from Section [ViewDistanceQuality@3] File [C:/Users/rdito/Desktop/Infinity-War/Dialogue/Saved/Config/Windows/Scalability.ini]
[2019.02.26-03.05.56:223][  0]LogConfig: Setting CVar [[r.SkeletalMeshLODBias:0]]
[2019.02.26-03.05.56:223][  0]LogConfig: Setting CVar [[r.ViewDistanceScale:1.0]]
[2019.02.26-03.05.56:223][  0]LogConfig: Applying CVar settings from Section [AntiAliasingQuality@3] File [C:/Users/rdito/Desktop/Infinity-War/Dialogue/Saved/Config/Windows/Scalability.ini]
[2019.02.26-03.05.56:223][  0]LogConfig: Setting CVar [[r.PostProcessAAQuality:4]]
[2019.02.26-03.05.56:224][  0]LogConfig: Applying CVar settings from Section [ShadowQuality@3] File [C:/Users/rdito/Desktop/Infinity-War/Dialogue/Saved/Config/Windows/Scalability.ini]
[2019.02.26-03.05.56:224][  0]LogConfig: Setting CVar [[r.LightFunctionQuality:1]]
[2019.02.26-03.05.56:224][  0]LogConfig: Setting CVar [[r.ShadowQuality:5]]
[2019.02.26-03.05.56:225][  0]LogConfig: Setting CVar [[r.Shadow.CSM.MaxCascades:10]]
[2019.02.26-03.05.56:225][  0]LogConfig: Setting CVar [[r.Shadow.MaxResolution:2048]]
[2019.02.26-03.05.56:225][  0]LogConfig: Setting CVar [[r.Shadow.MaxCSMResolution:2048]]
[2019.02.26-03.05.56:225][  0]LogConfig: Setting CVar [[r.Shadow.RadiusThreshold:0.01]]
[2019.02.26-03.05.56:225][  0]LogConfig: Setting CVar [[r.Shadow.DistanceScale:1.0]]
[2019.02.26-03.05.56:225][  0]LogConfig: Setting CVar [[r.Shadow.CSM.TransitionScale:1.0]]
[2019.02.26-03.05.56:225][  0]LogConfig: Setting CVar [[r.Shadow.PreShadowResolutionFactor:1.0]]
[2019.02.26-03.05.56:225][  0]LogConfig: Setting CVar [[r.DistanceFieldShadowing:1]]
[2019.02.26-03.05.56:225][  0]LogConfig: Setting CVar [[r.DistanceFieldAO:1]]
[2019.02.26-03.05.56:225][  0]LogConfig: Setting CVar [[r.AOQuality:2]]
[2019.02.26-03.05.56:225][  0]LogConfig: Setting CVar [[r.VolumetricFog:1]]
[2019.02.26-03.05.56:225][  0]LogConfig: Setting CVar [[r.VolumetricFog.GridPixelSize:8]]
[2019.02.26-03.05.56:225][  0]LogConfig: Setting CVar [[r.VolumetricFog.GridSizeZ:128]]
[2019.02.26-03.05.56:225][  0]LogConfig: Setting CVar [[r.VolumetricFog.HistoryMissSupersampleCount:4]]
[2019.02.26-03.05.56:225][  0]LogConfig: Setting CVar [[r.LightMaxDrawDistanceScale:1]]
[2019.02.26-03.05.56:225][  0]LogConfig: Setting CVar [[r.CapsuleShadows:1]]
[2019.02.26-03.05.56:225][  0]LogConfig: Applying CVar settings from Section [PostProcessQuality@3] File [C:/Users/rdito/Desktop/Infinity-War/Dialogue/Saved/Config/Windows/Scalability.ini]
[2019.02.26-03.05.56:226][  0]LogConfig: Setting CVar [[r.MotionBlurQuality:4]]
[2019.02.26-03.05.56:226][  0]LogConfig: Setting CVar [[r.AmbientOcclusionMipLevelFactor:0.4]]
[2019.02.26-03.05.56:226][  0]LogConfig: Setting CVar [[r.AmbientOcclusionMaxQuality:100]]
[2019.02.26-03.05.56:226][  0]LogConfig: Setting CVar [[r.AmbientOcclusionLevels:-1]]
[2019.02.26-03.05.56:226][  0]LogConfig: Setting CVar [[r.AmbientOcclusionRadiusScale:1.0]]
[2019.02.26-03.05.56:226][  0]LogConfig: Setting CVar [[r.DepthOfFieldQuality:2]]
[2019.02.26-03.05.56:226][  0]LogConfig: Setting CVar [[r.RenderTargetPoolMin:400]]
[2019.02.26-03.05.56:226][  0]LogConfig: Setting CVar [[r.LensFlareQuality:2]]
[2019.02.26-03.05.56:226][  0]LogConfig: Setting CVar [[r.SceneColorFringeQuality:1]]
[2019.02.26-03.05.56:226][  0]LogConfig: Setting CVar [[r.EyeAdaptationQuality:2]]
[2019.02.26-03.05.56:226][  0]LogConfig: Setting CVar [[r.BloomQuality:5]]
[2019.02.26-03.05.56:226][  0]LogConfig: Setting CVar [[r.FastBlurThreshold:100]]
[2019.02.26-03.05.56:226][  0]LogConfig: Setting CVar [[r.Upscale.Quality:3]]
[2019.02.26-03.05.56:226][  0]LogConfig: Setting CVar [[r.Tonemapper.GrainQuantization:1]]
[2019.02.26-03.05.56:226][  0]LogConfig: Setting CVar [[r.LightShaftQuality:1]]
[2019.02.26-03.05.56:226][  0]LogConfig: Setting CVar [[r.Filter.SizeScale:1]]
[2019.02.26-03.05.56:226][  0]LogConfig: Setting CVar [[r.Tonemapper.Quality:5]]
[2019.02.26-03.05.56:226][  0]LogConfig: Setting CVar [[r.DOF.Gather.AccumulatorQuality:1        ; higher gathering accumulator quality]]
[2019.02.26-03.05.56:226][  0]LogConfig: Setting CVar [[r.DOF.Gather.PostfilterMethod:1          ; Median3x3 postfilering method]]
[2019.02.26-03.05.56:226][  0]LogConfig: Setting CVar [[r.DOF.Gather.EnableBokehSettings:0       ; no bokeh simulation when gathering]]
[2019.02.26-03.05.56:226][  0]LogConfig: Setting CVar [[r.DOF.Gather.RingCount:4                 ; medium number of samples when gathering]]
[2019.02.26-03.05.56:226][  0]LogConfig: Setting CVar [[r.DOF.Scatter.ForegroundCompositing:1    ; additive foreground scattering]]
[2019.02.26-03.05.56:226][  0]LogConfig: Setting CVar [[r.DOF.Scatter.BackgroundCompositing:2    ; additive background scattering]]
[2019.02.26-03.05.56:226][  0]LogConfig: Setting CVar [[r.DOF.Scatter.EnableBokehSettings:1      ; bokeh simulation when scattering]]
[2019.02.26-03.05.56:227][  0]LogConfig: Setting CVar [[r.DOF.Scatter.MaxSpriteRatio:0.1         ; only a maximum of 10% of scattered bokeh]]
[2019.02.26-03.05.56:227][  0]LogConfig: Setting CVar [[r.DOF.Recombine.Quality:1                ; cheap slight out of focus]]
[2019.02.26-03.05.56:227][  0]LogConfig: Setting CVar [[r.DOF.Recombine.EnableBokehSettings:0    ; no bokeh simulation on slight out of focus]]
[2019.02.26-03.05.56:227][  0]LogConfig: Setting CVar [[r.DOF.TemporalAAQuality:1                ; more stable temporal accumulation]]
[2019.02.26-03.05.56:227][  0]LogConfig: Setting CVar [[r.DOF.Kernel.MaxForegroundRadius:0.025]]
[2019.02.26-03.05.56:227][  0]LogConfig: Setting CVar [[r.DOF.Kernel.MaxBackgroundRadius:0.025]]
[2019.02.26-03.05.56:227][  0]LogConfig: Applying CVar settings from Section [TextureQuality@3] File [C:/Users/rdito/Desktop/Infinity-War/Dialogue/Saved/Config/Windows/Scalability.ini]
[2019.02.26-03.05.56:227][  0]LogConfig: Setting CVar [[r.Streaming.MipBias:0]]
[2019.02.26-03.05.56:227][  0]LogConfig: Setting CVar [[r.Streaming.AmortizeCPUToGPUCopy:0]]
[2019.02.26-03.05.56:227][  0]LogConfig: Setting CVar [[r.Streaming.MaxNumTexturesToStreamPerFrame:0]]
[2019.02.26-03.05.56:227][  0]LogConfig: Setting CVar [[r.Streaming.Boost:1]]
[2019.02.26-03.05.56:227][  0]LogConfig: Setting CVar [[r.MaxAnisotropy:8]]
[2019.02.26-03.05.56:227][  0]LogConfig: Setting CVar [[r.Streaming.LimitPoolSizeToVRAM:0]]
[2019.02.26-03.05.56:227][  0]LogConfig: Setting CVar [[r.Streaming.PoolSize:1000]]
[2019.02.26-03.05.56:227][  0]LogConfig: Setting CVar [[r.Streaming.MaxEffectiveScreenSize:0]]
[2019.02.26-03.05.56:227][  0]LogConfig: Applying CVar settings from Section [EffectsQuality@3] File [C:/Users/rdito/Desktop/Infinity-War/Dialogue/Saved/Config/Windows/Scalability.ini]
[2019.02.26-03.05.56:227][  0]LogConfig: Setting CVar [[r.TranslucencyLightingVolumeDim:64]]
[2019.02.26-03.05.56:227][  0]LogConfig: Setting CVar [[r.RefractionQuality:2]]
[2019.02.26-03.05.56:227][  0]LogConfig: Setting CVar [[r.SSR.Quality:3]]
[2019.02.26-03.05.56:228][  0]LogConfig: Setting CVar [[r.SceneColorFormat:4]]
[2019.02.26-03.05.56:228][  0]LogConfig: Setting CVar [[r.DetailMode:2]]
[2019.02.26-03.05.56:228][  0]LogConfig: Setting CVar [[r.TranslucencyVolumeBlur:1]]
[2019.02.26-03.05.56:228][  0]LogConfig: Setting CVar [[r.MaterialQualityLevel:1 ; High quality]]
[2019.02.26-03.05.56:228][  0]LogConfig: Setting CVar [[r.SSS.Scale:1]]
[2019.02.26-03.05.56:228][  0]LogConfig: Setting CVar [[r.SSS.SampleSet:2]]
[2019.02.26-03.05.56:228][  0]LogConfig: Setting CVar [[r.SSS.Quality:1]]
[2019.02.26-03.05.56:228][  0]LogConfig: Setting CVar [[r.SSS.HalfRes:1]]
[2019.02.26-03.05.56:228][  0]LogConfig: Setting CVar [[r.EmitterSpawnRateScale:1.0]]
[2019.02.26-03.05.56:228][  0]LogConfig: Setting CVar [[r.ParticleLightQuality:2]]
[2019.02.26-03.05.56:228][  0]LogConfig: Applying CVar settings from Section [FoliageQuality@3] File [C:/Users/rdito/Desktop/Infinity-War/Dialogue/Saved/Config/Windows/Scalability.ini]
[2019.02.26-03.05.56:228][  0]LogConfig: Setting CVar [[foliage.DensityScale:1.0]]
[2019.02.26-03.05.56:228][  0]LogConfig: Setting CVar [[grass.DensityScale:1.0]]
[2019.02.26-03.05.56:228][  0]LogInit: Selected Device Profile: [Windows]
[2019.02.26-03.05.56:228][  0]LogInit: Applying CVar settings loaded from the selected device profile: [Windows]
[2019.02.26-03.05.56:350][  0]LogHAL: Display: Platform has ~ 16 GB [17037164544 / 17179869184 / 16], which maps to Larger [LargestMinGB=32, LargerMinGB=12, DefaultMinGB=8, SmallerMinGB=6, SmallestMinGB=0)
[2019.02.26-03.05.56:350][  0]LogConfig: Setting CVar [[r.Vulkan.UseRealUBs:1]]
[2019.02.26-03.05.56:355][  0]LogInit: Going up to parent DeviceProfile []
[2019.02.26-03.05.56:355][  0]LogConfig: Applying CVar settings from Section [ViewDistanceQuality@3] File [C:/Users/rdito/Desktop/Infinity-War/Dialogue/Saved/Config/Windows/Scalability.ini]
[2019.02.26-03.05.56:356][  0]LogConfig: Setting CVar [[r.SkeletalMeshLODBias:0]]
[2019.02.26-03.05.56:356][  0]LogConfig: Setting CVar [[r.ViewDistanceScale:1.0]]
[2019.02.26-03.05.56:357][  0]LogConfig: Applying CVar settings from Section [AntiAliasingQuality@3] File [C:/Users/rdito/Desktop/Infinity-War/Dialogue/Saved/Config/Windows/Scalability.ini]
[2019.02.26-03.05.56:357][  0]LogConfig: Setting CVar [[r.PostProcessAAQuality:4]]
[2019.02.26-03.05.56:357][  0]LogConfig: Applying CVar settings from Section [ShadowQuality@3] File [C:/Users/rdito/Desktop/Infinity-War/Dialogue/Saved/Config/Windows/Scalability.ini]
[2019.02.26-03.05.56:358][  0]LogConfig: Setting CVar [[r.LightFunctionQuality:1]]
[2019.02.26-03.05.56:358][  0]LogConfig: Setting CVar [[r.ShadowQuality:5]]
[2019.02.26-03.05.56:358][  0]LogConfig: Setting CVar [[r.Shadow.CSM.MaxCascades:10]]
[2019.02.26-03.05.56:358][  0]LogConfig: Setting CVar [[r.Shadow.MaxResolution:2048]]
[2019.02.26-03.05.56:358][  0]LogConfig: Setting CVar [[r.Shadow.MaxCSMResolution:2048]]
[2019.02.26-03.05.56:358][  0]LogConfig: Setting CVar [[r.Shadow.RadiusThreshold:0.01]]
[2019.02.26-03.05.56:358][  0]LogConfig: Setting CVar [[r.Shadow.DistanceScale:1.0]]
[2019.02.26-03.05.56:358][  0]LogConfig: Setting CVar [[r.Shadow.CSM.TransitionScale:1.0]]
[2019.02.26-03.05.56:358][  0]LogConfig: Setting CVar [[r.Shadow.PreShadowResolutionFactor:1.0]]
[2019.02.26-03.05.56:358][  0]LogConfig: Setting CVar [[r.DistanceFieldShadowing:1]]
[2019.02.26-03.05.56:358][  0]LogConfig: Setting CVar [[r.DistanceFieldAO:1]]
[2019.02.26-03.05.56:358][  0]LogConfig: Setting CVar [[r.AOQuality:2]]
[2019.02.26-03.05.56:358][  0]LogConfig: Setting CVar [[r.VolumetricFog:1]]
[2019.02.26-03.05.56:358][  0]LogConfig: Setting CVar [[r.VolumetricFog.GridPixelSize:8]]
[2019.02.26-03.05.56:358][  0]LogConfig: Setting CVar [[r.VolumetricFog.GridSizeZ:128]]
[2019.02.26-03.05.56:358][  0]LogConfig: Setting CVar [[r.VolumetricFog.HistoryMissSupersampleCount:4]]
[2019.02.26-03.05.56:358][  0]LogConfig: Setting CVar [[r.LightMaxDrawDistanceScale:1]]
[2019.02.26-03.05.56:359][  0]LogConfig: Setting CVar [[r.CapsuleShadows:1]]
[2019.02.26-03.05.56:359][  0]LogConfig: Applying CVar settings from Section [PostProcessQuality@3] File [C:/Users/rdito/Desktop/Infinity-War/Dialogue/Saved/Config/Windows/Scalability.ini]
[2019.02.26-03.05.56:359][  0]LogConfig: Setting CVar [[r.MotionBlurQuality:4]]
[2019.02.26-03.05.56:359][  0]LogConfig: Setting CVar [[r.AmbientOcclusionMipLevelFactor:0.4]]
[2019.02.26-03.05.56:359][  0]LogConfig: Setting CVar [[r.AmbientOcclusionMaxQuality:100]]
[2019.02.26-03.05.56:359][  0]LogConfig: Setting CVar [[r.AmbientOcclusionLevels:-1]]
[2019.02.26-03.05.56:359][  0]LogConfig: Setting CVar [[r.AmbientOcclusionRadiusScale:1.0]]
[2019.02.26-03.05.56:359][  0]LogConfig: Setting CVar [[r.DepthOfFieldQuality:2]]
[2019.02.26-03.05.56:359][  0]LogConfig: Setting CVar [[r.RenderTargetPoolMin:400]]
[2019.02.26-03.05.56:359][  0]LogConfig: Setting CVar [[r.LensFlareQuality:2]]
[2019.02.26-03.05.56:359][  0]LogConfig: Setting CVar [[r.SceneColorFringeQuality:1]]
[2019.02.26-03.05.56:359][  0]LogConfig: Setting CVar [[r.EyeAdaptationQuality:2]]
[2019.02.26-03.05.56:359][  0]LogConfig: Setting CVar [[r.BloomQuality:5]]
[2019.02.26-03.05.56:359][  0]LogConfig: Setting CVar [[r.FastBlurThreshold:100]]
[2019.02.26-03.05.56:359][  0]LogConfig: Setting CVar [[r.Upscale.Quality:3]]
[2019.02.26-03.05.56:359][  0]LogConfig: Setting CVar [[r.Tonemapper.GrainQuantization:1]]
[2019.02.26-03.05.56:359][  0]LogConfig: Setting CVar [[r.LightShaftQuality:1]]
[2019.02.26-03.05.56:359][  0]LogConfig: Setting CVar [[r.Filter.SizeScale:1]]
[2019.02.26-03.05.56:359][  0]LogConfig: Setting CVar [[r.Tonemapper.Quality:5]]
[2019.02.26-03.05.56:360][  0]LogConfig: Setting CVar [[r.DOF.Gather.AccumulatorQuality:1        ; higher gathering accumulator quality]]
[2019.02.26-03.05.56:360][  0]LogConfig: Setting CVar [[r.DOF.Gather.PostfilterMethod:1          ; Median3x3 postfilering method]]
[2019.02.26-03.05.56:360][  0]LogConfig: Setting CVar [[r.DOF.Gather.EnableBokehSettings:0       ; no bokeh simulation when gathering]]
[2019.02.26-03.05.56:360][  0]LogConfig: Setting CVar [[r.DOF.Gather.RingCount:4                 ; medium number of samples when gathering]]
[2019.02.26-03.05.56:360][  0]LogConfig: Setting CVar [[r.DOF.Scatter.ForegroundCompositing:1    ; additive foreground scattering]]
[2019.02.26-03.05.56:360][  0]LogConfig: Setting CVar [[r.DOF.Scatter.BackgroundCompositing:2    ; additive background scattering]]
[2019.02.26-03.05.56:360][  0]LogConfig: Setting CVar [[r.DOF.Scatter.EnableBokehSettings:1      ; bokeh simulation when scattering]]
[2019.02.26-03.05.56:360][  0]LogConfig: Setting CVar [[r.DOF.Scatter.MaxSpriteRatio:0.1         ; only a maximum of 10% of scattered bokeh]]
[2019.02.26-03.05.56:360][  0]LogConfig: Setting CVar [[r.DOF.Recombine.Quality:1                ; cheap slight out of focus]]
[2019.02.26-03.05.56:360][  0]LogConfig: Setting CVar [[r.DOF.Recombine.EnableBokehSettings:0    ; no bokeh simulation on slight out of focus]]
[2019.02.26-03.05.56:360][  0]LogConfig: Setting CVar [[r.DOF.TemporalAAQuality:1                ; more stable temporal accumulation]]
[2019.02.26-03.05.56:360][  0]LogConfig: Setting CVar [[r.DOF.Kernel.MaxForegroundRadius:0.025]]
[2019.02.26-03.05.56:360][  0]LogConfig: Setting CVar [[r.DOF.Kernel.MaxBackgroundRadius:0.025]]
[2019.02.26-03.05.56:360][  0]LogConfig: Applying CVar settings from Section [TextureQuality@3] File [C:/Users/rdito/Desktop/Infinity-War/Dialogue/Saved/Config/Windows/Scalability.ini]
[2019.02.26-03.05.56:360][  0]LogConfig: Setting CVar [[r.Streaming.MipBias:0]]
[2019.02.26-03.05.56:360][  0]LogConfig: Setting CVar [[r.Streaming.AmortizeCPUToGPUCopy:0]]
[2019.02.26-03.05.56:360][  0]LogConfig: Setting CVar [[r.Streaming.MaxNumTexturesToStreamPerFrame:0]]
[2019.02.26-03.05.56:360][  0]LogConfig: Setting CVar [[r.Streaming.Boost:1]]
[2019.02.26-03.05.56:361][  0]LogConfig: Setting CVar [[r.MaxAnisotropy:8]]
[2019.02.26-03.05.56:365][  0]LogConfig: Setting CVar [[r.Streaming.LimitPoolSizeToVRAM:0]]
[2019.02.26-03.05.56:365][  0]LogConfig: Setting CVar [[r.Streaming.PoolSize:1000]]
[2019.02.26-03.05.56:365][  0]LogConfig: Setting CVar [[r.Streaming.MaxEffectiveScreenSize:0]]
[2019.02.26-03.05.56:365][  0]LogConfig: Applying CVar settings from Section [EffectsQuality@3] File [C:/Users/rdito/Desktop/Infinity-War/Dialogue/Saved/Config/Windows/Scalability.ini]
[2019.02.26-03.05.56:366][  0]LogConfig: Setting CVar [[r.TranslucencyLightingVolumeDim:64]]
[2019.02.26-03.05.56:366][  0]LogConfig: Setting CVar [[r.RefractionQuality:2]]
[2019.02.26-03.05.56:366][  0]LogConfig: Setting CVar [[r.SSR.Quality:3]]
[2019.02.26-03.05.56:366][  0]LogConfig: Setting CVar [[r.SceneColorFormat:4]]
[2019.02.26-03.05.56:366][  0]LogConfig: Setting CVar [[r.DetailMode:2]]
[2019.02.26-03.05.56:366][  0]LogConfig: Setting CVar [[r.TranslucencyVolumeBlur:1]]
[2019.02.26-03.05.56:366][  0]LogConfig: Setting CVar [[r.MaterialQualityLevel:1 ; High quality]]
[2019.02.26-03.05.56:366][  0]LogConfig: Setting CVar [[r.SSS.Scale:1]]
[2019.02.26-03.05.56:366][  0]LogConfig: Setting CVar [[r.SSS.SampleSet:2]]
[2019.02.26-03.05.56:366][  0]LogConfig: Setting CVar [[r.SSS.Quality:1]]
[2019.02.26-03.05.56:366][  0]LogConfig: Setting CVar [[r.SSS.HalfRes:1]]
[2019.02.26-03.05.56:367][  0]LogConfig: Setting CVar [[r.EmitterSpawnRateScale:1.0]]
[2019.02.26-03.05.56:373][  0]LogConfig: Setting CVar [[r.ParticleLightQuality:2]]
[2019.02.26-03.05.56:373][  0]LogConfig: Applying CVar settings from Section [FoliageQuality@3] File [C:/Users/rdito/Desktop/Infinity-War/Dialogue/Saved/Config/Windows/Scalability.ini]
[2019.02.26-03.05.56:373][  0]LogConfig: Setting CVar [[foliage.DensityScale:1.0]]
[2019.02.26-03.05.56:373][  0]LogConfig: Setting CVar [[grass.DensityScale:1.0]]
[2019.02.26-03.05.56:373][  0]LogConfig: Applying CVar settings from Section [Startup] File [../../../Engine/Config/ConsoleVariables.ini]
[2019.02.26-03.05.56:374][  0]LogConfig: Setting CVar [[net.UseAdaptiveNetUpdateFrequency:0]]
[2019.02.26-03.05.56:374][  0]LogConfig: Applying CVar settings from Section [ConsoleVariables] File [C:/Users/rdito/Desktop/Infinity-War/Dialogue/Saved/Config/Windows/Engine.ini]
[2019.02.26-03.05.56:374][  0]LogInit: Computer: LAPTOP-6V312PD5
[2019.02.26-03.05.56:374][  0]LogInit: User: rdito
[2019.02.26-03.05.56:374][  0]LogInit: CPU Page size=4096, Cores=2
[2019.02.26-03.05.56:374][  0]LogInit: High frequency timer resolution =1.570312 MHz
[2019.02.26-03.05.56:375][  0]LogMemory: Memory total: Physical=15.9GB (16GB approx)
[2019.02.26-03.05.56:375][  0]LogMemory: Platform Memory Stats for Windows
[2019.02.26-03.05.56:375][  0]LogMemory: Process Physical Memory: 102.09 MB used, 102.09 MB peak
[2019.02.26-03.05.56:375][  0]LogMemory: Process Virtual Memory: 84.47 MB used, 84.47 MB peak
[2019.02.26-03.05.56:376][  0]LogMemory: Physical Memory: 6754.78 MB used,  9493.13 MB free, 16247.91 MB total
[2019.02.26-03.05.56:376][  0]LogMemory: Virtual Memory: 4628.93 MB used,  134213096.00 MB free, 134217728.00 MB total
[2019.02.26-03.05.56:430][  0]LogInit: Using OS detected language (en-US).
[2019.02.26-03.05.56:430][  0]LogInit: Using OS detected locale (en-US).
[2019.02.26-03.05.56:433][  0]LogTextLocalizationManager: No specific localization for 'en-US' exists, so the 'en' localization will be used.
[2019.02.26-03.05.57:594][  0]LogStreaming: Display: Took  1.164s to InitEngineTextLocalization.
[2019.02.26-03.05.57:594][  0]LogInit: Setting process to per monitor DPI aware
[2019.02.26-03.05.57:714][  0]LogSlate: New Slate User Created.  User Index 0, Is Virtual User: 0
[2019.02.26-03.05.57:714][  0]LogSlate: Slate User Registered.  User Index 0, Is Virtual User: 0
[2019.02.26-03.05.58:568][  0]LogHMD: Failed to initialize OpenVR with code 110
[2019.02.26-03.05.58:568][  0]LogD3D11RHI: D3D11 adapters:
[2019.02.26-03.05.58:652][  0]LogD3D11RHI:    0. 'Intel(R) HD Graphics 615' (Feature Level 11_0)
[2019.02.26-03.05.58:653][  0]LogD3D11RHI:       128/0/8123 MB DedicatedVideo/DedicatedSystem/SharedSystem, Outputs:2, VendorId:0x8086
[2019.02.26-03.05.58:658][  0]LogD3D11RHI:    1. 'Microsoft Basic Render Driver' (Feature Level 11_0)
[2019.02.26-03.05.58:658][  0]LogD3D11RHI:       0/0/8123 MB DedicatedVideo/DedicatedSystem/SharedSystem, Outputs:0, VendorId:0x1414
[2019.02.26-03.05.58:658][  0]LogD3D11RHI: Chosen D3D11 Adapter: 0
[2019.02.26-03.05.58:679][  0]LogD3D11RHI: Creating new Direct3DDevice
[2019.02.26-03.05.58:679][  0]LogD3D11RHI:     GPU DeviceId: 0x591e (for the marketing name, search the web for "GPU Device Id")
[2019.02.26-03.05.58:679][  0]LogWindows: EnumDisplayDevices:
[2019.02.26-03.05.58:680][  0]LogWindows:    0. 'Intel(R) HD Graphics 615' (P:1 D:1)
[2019.02.26-03.05.58:681][  0]LogWindows:    1. 'Intel(R) HD Graphics 615' (P:0 D:1)
[2019.02.26-03.05.58:682][  0]LogWindows:    2. 'Intel(R) HD Graphics 615' (P:0 D:0)
[2019.02.26-03.05.58:682][  0]LogWindows: DebugString: FoundDriverCount:3 
[2019.02.26-03.05.58:682][  0]LogD3D11RHI:     Adapter Name: Intel(R) HD Graphics 615
[2019.02.26-03.05.58:683][  0]LogD3D11RHI:   Driver Version: 23.20.16.4973 (internal:23.20.16.4973, unified:23.20.16.4973)
[2019.02.26-03.05.58:683][  0]LogD3D11RHI:      Driver Date: 2-28-2018
[2019.02.26-03.05.58:683][  0]LogRHI: Texture pool is 1523 MB (70% of 2176 MB)
[2019.02.26-03.05.58:885][  0]LogD3D11RHI: [IntelMetricsDiscovery] Started
[2019.02.26-03.05.58:885][  0]LogD3D11RHI: Async texture creation enabled
[2019.02.26-03.05.58:924][  0]LogD3D11RHI: GPU Timing Frequency: 12.000048 (Debug: 2 0)
[2019.02.26-03.06.01:154][  0]LogTemp: Display: Loaded TP AllDesktopTargetPlatform
[2019.02.26-03.06.01:189][  0]LogTemp: Display: Loaded TP MacClientTargetPlatform
[2019.02.26-03.06.01:227][  0]LogTemp: Display: Loaded TP MacNoEditorTargetPlatform
[2019.02.26-03.06.01:267][  0]LogTemp: Display: Loaded TP MacServerTargetPlatform
[2019.02.26-03.06.01:308][  0]LogTemp: Display: Loaded TP MacTargetPlatform
[2019.02.26-03.06.01:346][  0]LogTemp: Display: Loaded TP WindowsClientTargetPlatform
[2019.02.26-03.06.01:377][  0]LogTemp: Display: Loaded TP WindowsNoEditorTargetPlatform
[2019.02.26-03.06.01:410][  0]LogTemp: Display: Loaded TP WindowsServerTargetPlatform
[2019.02.26-03.06.01:430][  0]LogTemp: Display: Loaded TP WindowsTargetPlatform
[2019.02.26-03.06.01:627][  0]LogTemp: Display: Loaded TP AndroidTargetPlatform
[2019.02.26-03.06.01:627][  0]LogTemp: Display: Loaded TP AndroidTargetPlatform
[2019.02.26-03.06.01:627][  0]LogTemp: Display: Loaded TP AndroidTargetPlatform
[2019.02.26-03.06.01:627][  0]LogTemp: Display: Loaded TP AndroidTargetPlatform
[2019.02.26-03.06.01:627][  0]LogTemp: Display: Loaded TP AndroidTargetPlatform
[2019.02.26-03.06.01:627][  0]LogTemp: Display: Loaded TP AndroidTargetPlatform
[2019.02.26-03.06.01:628][  0]LogTemp: Display: Loaded TP AndroidTargetPlatform
[2019.02.26-03.06.01:628][  0]LogTemp: Display: Loaded TP AndroidTargetPlatform
[2019.02.26-03.06.01:628][  0]LogTemp: Display: Loaded TP AndroidTargetPlatform
[2019.02.26-03.06.01:628][  0]LogTemp: Display: Loaded TP AndroidTargetPlatform
[2019.02.26-03.06.01:628][  0]LogTemp: Display: Loaded TP AndroidTargetPlatform
[2019.02.26-03.06.01:628][  0]LogTemp: Display: Loaded TP AndroidTargetPlatform
[2019.02.26-03.06.01:628][  0]LogTemp: Display: Loaded TP AndroidTargetPlatform
[2019.02.26-03.06.01:628][  0]LogTemp: Display: Loaded TP AndroidTargetPlatform
[2019.02.26-03.06.01:628][  0]LogTemp: Display: Loaded TP AndroidTargetPlatform
[2019.02.26-03.06.01:628][  0]LogTemp: Display: Loaded TP AndroidTargetPlatform
[2019.02.26-03.06.01:628][  0]LogTemp: Display: Loaded TP AndroidTargetPlatform
[2019.02.26-03.06.01:628][  0]LogTemp: Display: Loaded TP AndroidTargetPlatform
[2019.02.26-03.06.01:632][  0]LogTemp: Display: Loaded TP HTML5TargetPlatform
[2019.02.26-03.06.01:738][  0]LogTemp: Display: Loaded TP IOSTargetPlatform
[2019.02.26-03.06.01:738][  0]LogTemp: Display: Loaded TP IOSTargetPlatform
[2019.02.26-03.06.01:812][  0]LogTemp: Display: Loaded TP TVOSTargetPlatform
[2019.02.26-03.06.01:813][  0]LogTemp: Display: Loaded TP TVOSTargetPlatform
[2019.02.26-03.06.01:847][  0]LogTemp: Display: Loaded TP LinuxClientTargetPlatform
[2019.02.26-03.06.01:885][  0]LogTemp: Display: Loaded TP LinuxNoEditorTargetPlatform
[2019.02.26-03.06.01:918][  0]LogTemp: Display: Loaded TP LinuxServerTargetPlatform
[2019.02.26-03.06.01:957][  0]LogTemp: Display: Loaded TP LinuxTargetPlatform
[2019.02.26-03.06.02:118][  0]LogTemp: Display: Loaded TP LuminTargetPlatform
[2019.02.26-03.06.02:118][  0]LogTemp: Display: Loaded TP LuminTargetPlatform
[2019.02.26-03.06.02:118][  0]LogTargetPlatformManager: Display: Building Assets For Windows
[2019.02.26-03.06.02:298][  0]LogShaderCompilers: Guid format shader working directory is -13 characters bigger than the processId version (../../../../../../Users/rdito/Desktop/Infinity-War/Dialogue/Intermediate/Shaders/WorkingDirectory/4544/).
[2019.02.26-03.06.02:299][  0]LogShaderCompilers: Cleaned the shader compiler working directory 'C:/Users/rdito/AppData/Local/Temp/UnrealShaderWorkingDir/BE16AED74A3A22F1E12688BDCAF58B15/'.
[2019.02.26-03.06.02:305][  0]LogXGEController: Cleaning working directory: C:/Users/rdito/AppData/Local/Temp/UnrealXGEWorkingDir/
[2019.02.26-03.06.02:305][  0]LogXGEController: Cannot use XGE Controller as Incredibuild is not installed on this machine.
[2019.02.26-03.06.02:306][  0]LogShaderCompilers: Cannot use XGE Shader Compiler as Incredibuild is not installed on this machine.
[2019.02.26-03.06.02:306][  0]LogShaderCompilers: Display: Using Local Shader Compiler.
[2019.02.26-03.06.04:031][  0]LogDerivedDataCache: Display: Max Cache Size: 512 MB
[2019.02.26-03.06.04:197][  0]LogDerivedDataCache: Loaded boot cache 0.16s 71MB C:/Users/rdito/AppData/Local/UnrealEngine/4.21/DerivedDataCache/Boot.ddc.
[2019.02.26-03.06.04:197][  0]LogDerivedDataCache: Display: Loaded Boot cache: C:/Users/rdito/AppData/Local/UnrealEngine/4.21/DerivedDataCache/Boot.ddc
[2019.02.26-03.06.04:198][  0]LogDerivedDataCache: FDerivedDataBackendGraph:  Pak pak cache file ../../../../../../Users/rdito/Desktop/Infinity-War/Dialogue/DerivedDataCache/DDC.ddp not found, will not use a pak cache.
[2019.02.26-03.06.04:198][  0]LogDerivedDataCache: Unable to find inner node Pak for hierarchical cache Hierarchy.
[2019.02.26-03.06.04:198][  0]LogDerivedDataCache: FDerivedDataBackendGraph:  CompressedPak pak cache file ../../../../../../Users/rdito/Desktop/Infinity-War/Dialogue/DerivedDataCache/Compressed.ddp not found, will not use a pak cache.
[2019.02.26-03.06.04:198][  0]LogDerivedDataCache: Unable to find inner node CompressedPak for hierarchical cache Hierarchy.
[2019.02.26-03.06.04:244][  0]LogDerivedDataCache: Display: Pak cache opened for reading ../../../Engine/DerivedDataCache/Compressed.ddp.
[2019.02.26-03.06.04:255][  0]LogDerivedDataCache: Display: Pak cache opened for reading ../../../Enterprise/DerivedDataCache/Compressed.ddp.
[2019.02.26-03.06.04:274][  0]LogDerivedDataCache: Using Local data cache path C:/Users/rdito/AppData/Local/UnrealEngine/Common/DerivedDataCache: Writable
[2019.02.26-03.06.04:274][  0]LogDerivedDataCache: Shared data cache path not found in *engine.ini, will not use an Shared cache.
[2019.02.26-03.06.04:274][  0]LogDerivedDataCache: Unable to find inner node Shared for hierarchical cache Hierarchy.
[2019.02.26-03.06.04:366][  0]LogMaterial: Verifying Global Shaders for PCD3D_SM5
[2019.02.26-03.06.04:370][  0]LogSlate: Using FreeType 2.6.0
[2019.02.26-03.06.04:374][  0]LogSlate: SlateFontServices - WITH_FREETYPE: 1, WITH_HARFBUZZ: 1
[2019.02.26-03.06.04:650][  0]LogAssetRegistry: FAssetRegistry took 0.0706 seconds to start up
[2019.02.26-03.06.06:076][  0]LogInit: Selected Device Profile: [Windows]
[2019.02.26-03.06.06:601][  0]LogSimplygon: Simplygon DLL not present - disabling.
[2019.02.26-03.06.06:616][  0]LogMeshReduction: Using SimplygonSwarm for distributed automatic mesh merging
[2019.02.26-03.06.06:616][  0]LogMeshReduction: Using ProxyLODMeshReduction for automatic mesh merging
[2019.02.26-03.06.06:616][  0]LogMeshReduction: Using QuadricMeshReduction for automatic static mesh reduction
[2019.02.26-03.06.06:616][  0]LogMeshReduction: No automatic skeletal mesh reduction module available
[2019.02.26-03.06.06:659][  0]LogNetVersion: Dialogue 1.0.0, NetCL: 4541578, EngineNetVer: 5, GameNetVer: 0 (Checksum: 1604692733)
[2019.02.26-03.06.08:416][  0]LogPackageLocalizationCache: Processed 14 localized package path(s) for 2 prioritized culture(s) in 0.382690 seconds
[2019.02.26-03.06.08:441][  0]LogUObjectArray: 39775 objects as part of root set at end of initial load.
[2019.02.26-03.06.08:441][  0]LogUObjectAllocator: 6914656 out of 0 bytes used by permanent object pool.
[2019.02.26-03.06.08:442][  0]LogUObjectArray: CloseDisregardForGC: 0/0 objects in disregard for GC pool
[2019.02.26-03.06.11:264][  0]LogTcpMessaging: Initializing TcpMessaging bridge
[2019.02.26-03.06.11:332][  0]LogUdpMessaging: Initializing bridge on interface 0.0.0.0:0 to multicast group 230.0.0.1:6666.
[2019.02.26-03.06.13:641][  0]SourceControl: Source control is disabled
[2019.02.26-03.06.13:641][  0]SourceControl: Source control is disabled
[2019.02.26-03.06.13:646][  0]SourceControl: Source control is disabled
[2019.02.26-03.06.13:660][  0]SourceControl: Source control is disabled
[2019.02.26-03.06.14:108][  0]LogAndroidPermission: UAndroidPermissionCallbackProxy::GetInstance
[2019.02.26-03.06.14:480][  0]LogOcInput: OculusInput pre-init called
[2019.02.26-03.06.19:215][  0]LogEngine: Initializing Engine...
[2019.02.26-03.06.19:217][  0]LogHMD: Failed to initialize OpenVR with code 110
[2019.02.26-03.06.19:221][  0]LogStats: UGameplayTagsManager::ConstructGameplayTagTree: ImportINI prefixes -  0.000 s
[2019.02.26-03.06.19:221][  0]LogStats: UGameplayTagsManager::ConstructGameplayTagTree: Construct from data asset -  0.000 s
[2019.02.26-03.06.19:222][  0]LogStats: UGameplayTagsManager::ConstructGameplayTagTree: ImportINI -  0.000 s
[2019.02.26-03.06.19:222][  0]LogStats: UGameplayTagsManager::ConstructGameplayTagTree: GameplayTagTreeChangedEvent.Broadcast -  0.000 s
[2019.02.26-03.06.20:515][  0]LogInit: Initializing FReadOnlyCVARCache
[2019.02.26-03.06.20:557][  0]LogAIModule: Creating AISystem for world Untitled
[2019.02.26-03.06.20:656][  0]LogInit: XAudio2 using 'Speakers / Headphones (Realtek(R) Audio)' : 2 channels at 44.1 kHz using 32 bits per sample (channel mask 0x3)
[2019.02.26-03.06.21:040][  0]LogInit: FAudioDevice initialized.
[2019.02.26-03.06.21:040][  0]LogNetVersion: Set ProjectVersion to 1.0.0.0. Version Checksum will be recalculated on next use.
[2019.02.26-03.06.21:176][  0]LogDerivedDataCache: Saved boot cache 0.14s 71MB C:/Users/rdito/AppData/Local/UnrealEngine/4.21/DerivedDataCache/Boot.ddc.
[2019.02.26-03.06.21:205][  0]LogInit: Texture streaming: Enabled
[2019.02.26-03.06.21:274][  0]LogEngineSessionManager: EngineSessionManager initialized
[2019.02.26-03.06.21:335][  0]LogInit: Transaction tracking system initialized
[2019.02.26-03.06.21:423][  0]BlueprintLog: New page: Editor Load
[2019.02.26-03.06.21:706][  0]LocalizationService: Localization service is disabled
[2019.02.26-03.06.23:328][  0]LogAutoReimportManager: Warning: Unable to watch directory ../../../../../../Users/rdito/Desktop/Infinity-War/Dialogue/Content/ as it doesn't exist.
[2019.02.26-03.06.23:371][  0]LogCook: Display: Max memory allowance for cook 16384mb min free memory 0mb
[2019.02.26-03.06.23:371][  0]LogCook: Display: Mobile HDR setting 1
[2019.02.26-03.06.23:371][  0]LogGameplayTags: Display: UGameplayTagsManager::DoneAddingNativeTags. DelegateIsBound: 0
[2019.02.26-03.06.23:372][  0]LogStats: UGameplayTagsManager::ConstructGameplayTagTree: ImportINI prefixes -  0.000 s
[2019.02.26-03.06.23:372][  0]LogStats: UGameplayTagsManager::ConstructGameplayTagTree: Construct from data asset -  0.000 s
[2019.02.26-03.06.23:372][  0]LogStats: UGameplayTagsManager::ConstructGameplayTagTree: ImportINI -  0.000 s
[2019.02.26-03.06.23:372][  0]LogStats: UGameplayTagsManager::ConstructGameplayTagTree: GameplayTagTreeChangedEvent.Broadcast -  0.000 s
[2019.02.26-03.06.27:837][  0]SourceControl: Source control is disabled
[2019.02.26-03.06.27:838][  0]Cmd: MAP LOAD FILE="../../../Engine/Content/Maps/Templates/Template_Default.umap" TEMPLATE=1 SHOWPROGRESS=1 FEATURELEVEL=3
[2019.02.26-03.06.27:839][  0]LightingResults: New page: Lighting Build
[2019.02.26-03.06.27:852][  0]MapCheck: New page: Map Check
[2019.02.26-03.06.27:852][  0]LightingResults: New page: Lighting Build
[2019.02.26-03.06.29:441][  0]LogAIModule: Creating AISystem for world Untitled_1
[2019.02.26-03.06.29:472][  0]LogEditorServer: Finished looking for orphan Actors (0.000 secs)
[2019.02.26-03.06.29:604][  0]Cmd: MAP CHECKDEP NOCLEARLOG
[2019.02.26-03.06.29:605][  0]MapCheck: Map check complete: 0 Error(s), 0 Warning(s), took 0.606ms to complete.
[2019.02.26-03.06.29:605][  0]LogFileHelpers: Loading map 'Template_Default' took 1.768
[2019.02.26-03.06.29:819][  0]LogSlate: Updating window title bar state: overlay mode, drag disabled, window buttons hidden, title bar hidden
[2019.02.26-03.06.29:846][  0]LogSlate: Updating window title bar state: overlay mode, drag disabled, window buttons hidden, title bar hidden
[2019.02.26-03.06.29:869][  0]LogSlate: Updating window title bar state: overlay mode, drag disabled, window buttons hidden, title bar hidden
[2019.02.26-03.06.29:895][  0]LogSlate: Updating window title bar state: overlay mode, drag disabled, window buttons hidden, title bar hidden
[2019.02.26-03.06.29:915][  0]LogCollectionManager: Loaded 0 collections in 0.005378 seconds
[2019.02.26-03.06.29:985][  0]LogFileCache: Scanning file cache for directory 'C:/Users/rdito/Desktop/Infinity-War/Dialogue/Saved/Collections/' took 0.02s
[2019.02.26-03.06.29:986][  0]LogFileCache: Scanning file cache for directory 'C:/Users/rdito/Desktop/Infinity-War/Dialogue/Content/Developers/rdito/Collections/' took 0.02s
[2019.02.26-03.06.29:986][  0]LogFileCache: Scanning file cache for directory 'C:/Users/rdito/Desktop/Infinity-War/Dialogue/Content/Collections/' took 0.02s
[2019.02.26-03.06.29:986][  0]LogCollectionManager: Rebuilt the GUID cache for 0 collections in 0.000001 seconds
[2019.02.26-03.06.30:021][  0]LogContentBrowser: Native class hierarchy populated in 0.0351 seconds. Added 2709 classes and 653 folders.
[2019.02.26-03.06.30:048][  0]LogContentBrowser: Native class hierarchy updated for 'WidgetCarousel' in 0.0007 seconds. Added 0 classes and 0 folders.
[2019.02.26-03.06.30:054][  0]LogPakFile: Registered encryption key '00000000000000000000000000000000': 0 pak files mounted, 0 remain pending
[2019.02.26-03.06.30:057][  0]LogPakFile: Registered encryption key '00000000000000000000000000000000': 0 pak files mounted, 0 remain pending
[2019.02.26-03.06.30:059][  0]LogPakFile: Registered encryption key '00000000000000000000000000000000': 0 pak files mounted, 0 remain pending
[2019.02.26-03.06.30:061][  0]LogPakFile: Registered encryption key '00000000000000000000000000000000': 0 pak files mounted, 0 remain pending
[2019.02.26-03.06.30:063][  0]LogPakFile: Registered encryption key '00000000000000000000000000000000': 0 pak files mounted, 0 remain pending
[2019.02.26-03.06.30:066][  0]LogPakFile: Registered encryption key '00000000000000000000000000000000': 0 pak files mounted, 0 remain pending
[2019.02.26-03.06.30:068][  0]LogPakFile: Registered encryption key '00000000000000000000000000000000': 0 pak files mounted, 0 remain pending
[2019.02.26-03.06.30:070][  0]LogPakFile: Registered encryption key '00000000000000000000000000000000': 0 pak files mounted, 0 remain pending
[2019.02.26-03.06.30:071][  0]LogPakFile: Registered encryption key '00000000000000000000000000000000': 0 pak files mounted, 0 remain pending
[2019.02.26-03.06.30:075][  0]LogPakFile: Registered encryption key '00000000000000000000000000000000': 0 pak files mounted, 0 remain pending
[2019.02.26-03.06.30:076][  0]LogPakFile: Registered encryption key '00000000000000000000000000000000': 0 pak files mounted, 0 remain pending
[2019.02.26-03.06.30:077][  0]LogPakFile: Registered encryption key '00000000000000000000000000000000': 0 pak files mounted, 0 remain pending
[2019.02.26-03.06.30:080][  0]LogPakFile: Registered encryption key '00000000000000000000000000000000': 0 pak files mounted, 0 remain pending
[2019.02.26-03.06.30:082][  0]LogPakFile: Registered encryption key '00000000000000000000000000000000': 0 pak files mounted, 0 remain pending
[2019.02.26-03.06.30:083][  0]LogPakFile: Registered encryption key '00000000000000000000000000000000': 0 pak files mounted, 0 remain pending
[2019.02.26-03.06.30:086][  0]LogPakFile: Registered encryption key '00000000000000000000000000000000': 0 pak files mounted, 0 remain pending
[2019.02.26-03.06.30:087][  0]LogPakFile: Registered encryption key '00000000000000000000000000000000': 0 pak files mounted, 0 remain pending
[2019.02.26-03.06.30:090][  0]LogPakFile: Registered encryption key '00000000000000000000000000000000': 0 pak files mounted, 0 remain pending
[2019.02.26-03.06.30:092][  0]LogPakFile: Registered encryption key '00000000000000000000000000000000': 0 pak files mounted, 0 remain pending
[2019.02.26-03.06.30:093][  0]LogPakFile: Registered encryption key '00000000000000000000000000000000': 0 pak files mounted, 0 remain pending
[2019.02.26-03.06.30:097][  0]LogPakFile: Registered encryption key '00000000000000000000000000000000': 0 pak files mounted, 0 remain pending
[2019.02.26-03.06.30:099][  0]LogPakFile: Registered encryption key '00000000000000000000000000000000': 0 pak files mounted, 0 remain pending
[2019.02.26-03.06.30:100][  0]LogPakFile: Registered encryption key '00000000000000000000000000000000': 0 pak files mounted, 0 remain pending
[2019.02.26-03.06.30:103][  0]LogPakFile: Registered encryption key '00000000000000000000000000000000': 0 pak files mounted, 0 remain pending
[2019.02.26-03.06.30:104][  0]LogPakFile: Registered encryption key '00000000000000000000000000000000': 0 pak files mounted, 0 remain pending
[2019.02.26-03.06.30:108][  0]LogPakFile: Registered encryption key '00000000000000000000000000000000': 0 pak files mounted, 0 remain pending
[2019.02.26-03.06.30:110][  0]LogPakFile: Registered encryption key '00000000000000000000000000000000': 0 pak files mounted, 0 remain pending
[2019.02.26-03.06.30:111][  0]LogPakFile: Registered encryption key '00000000000000000000000000000000': 0 pak files mounted, 0 remain pending
[2019.02.26-03.06.30:279][  0]LogContentBrowser: Native class hierarchy updated for 'AddContentDialog' in 0.0010 seconds. Added 0 classes and 0 folders.
[2019.02.26-03.06.30:297][  0]LogContentBrowser: Native class hierarchy updated for 'SceneOutliner' in 0.0007 seconds. Added 1 classes and 2 folders.
[2019.02.26-03.06.30:345][  0]LogSlate: Took 0.000440 seconds to synchronously load lazily loaded font '../../../Engine/Content/Slate/Fonts/Roboto-Regular.ttf' (155K)
[2019.02.26-03.06.30:351][  0]LogSlate: Took 0.000522 seconds to synchronously load lazily loaded font '../../../Engine/Content/Slate/Fonts/Roboto-Bold.ttf' (160K)
[2019.02.26-03.06.30:368][  0]LogSlate: Took 0.000873 seconds to synchronously load lazily loaded font '../../../Engine/Content/Editor/Slate/Fonts/FontAwesome.ttf' (139K)
[2019.02.26-03.06.30:741][  0]LogRenderer: Reallocating scene render targets to support 1264x660 Format 10 NumSamples 1 (Frame:1).
[2019.02.26-03.06.32:055][  0]LogContentBrowser: Native class hierarchy updated for 'HierarchicalLODOutliner' in 0.0007 seconds. Added 0 classes and 0 folders.
[2019.02.26-03.06.32:055][  0]LogLoad: (Engine Initialization) Total time: 41.15 seconds
[2019.02.26-03.06.32:055][  0]LogLoad: (Engine Initialization) Total Blueprint compile time: 0.00 seconds
[2019.02.26-03.06.32:172][  0]LogContentStreaming: Texture pool size now 1000 MB
[2019.02.26-03.07.11:759][193]LogSlate: Took 0.000858 seconds to synchronously load lazily loaded font '../../../Engine/Content/Slate/Fonts/Roboto-Light.ttf' (167K)
[2019.02.26-03.07.38:219][316]LogAssetRegistry: Asset discovery search completed in 93.5964 seconds
[2019.02.26-03.07.38:226][316]LogCollectionManager: Rebuilt the object cache for 0 collections in 0.000046 seconds (found 0 objects)
[2019.02.26-03.07.38:226][316]LogCollectionManager: Fixed up redirectors for 0 collections in 0.000250 seconds (updated 0 objects)
[2019.02.26-03.18.21:370][205]LogInit: XAudio2 using 'Speakers / Headphones (Realtek(R) Audio)' : 2 channels at 44.1 kHz using 32 bits per sample (channel mask 0x3)
[2019.02.26-03.22.38:094][968]LogRenderer: Reallocating scene render targets to support 1264x688 Format 10 NumSamples 1 (Frame:309).
[2019.02.26-03.22.51:695][972]LogInit: XAudio2 using 'Speakers / Headphones (Realtek(R) Audio)' : 2 channels at 44.1 kHz using 32 bits per sample (channel mask 0x3)
[2019.02.26-03.33.46:951][143]LogUnrealEdMisc: Warning: Heartbeat event firing too frequently (0.000 sec). This should never happen. Something is wrong with the timer delegate!
[2019.02.26-03.33.46:951][143]LogUnrealEdMisc: Warning: Heartbeat event firing too frequently (0.000 sec). This should never happen. Something is wrong with the timer delegate!
[2019.02.26-03.33.46:951][143]LogUnrealEdMisc: Warning: Heartbeat event firing too frequently (0.000 sec). This should never happen. Something is wrong with the timer delegate!
[2019.02.26-03.33.46:951][143]LogUnrealEdMisc: Warning: Heartbeat event firing too frequently (0.000 sec). This should never happen. Something is wrong with the timer delegate!
[2019.02.26-03.33.46:951][143]LogUnrealEdMisc: Warning: Heartbeat event firing too frequently (0.000 sec). This should never happen. Something is wrong with the timer delegate!
[2019.02.26-03.33.46:951][143]LogUnrealEdMisc: Warning: Heartbeat event firing too frequently (0.000 sec). This should never happen. Something is wrong with the timer delegate!
[2019.02.26-03.33.46:951][143]LogUnrealEdMisc: Warning: Heartbeat event firing too frequently (0.000 sec). This should never happen. Something is wrong with the timer delegate!
[2019.02.26-03.33.46:951][143]LogUnrealEdMisc: Warning: Heartbeat event firing too frequently (0.000 sec). This should never happen. Something is wrong with the timer delegate!
[2019.02.26-03.33.46:951][143]LogUnrealEdMisc: Warning: Heartbeat event firing too frequently (0.000 sec). This should never happen. Something is wrong with the timer delegate!
[2019.02.26-03.33.47:347][143]LogInit: XAudio2 using 'Speakers / Headphones (Realtek(R) Audio)' : 2 channels at 44.1 kHz using 32 bits per sample (channel mask 0x3)
[2019.02.26-03.33.57:282][164]LogInit: XAudio2 using 'Speakers / Headphones (Realtek(R) Audio)' : 2 channels at 44.1 kHz using 32 bits per sample (channel mask 0x3)
[2019.02.26-03.34.20:718][231]LogInit: XAudio2 using 'Speakers / Headphones (Realtek(R) Audio)' : 2 channels at 44.1 kHz using 32 bits per sample (channel mask 0x3)
[2019.02.26-03.35.27:884][276]LogInit: XAudio2 using 'Speakers / Headphones (Realtek(R) Audio)' : 2 channels at 44.1 kHz using 32 bits per sample (channel mask 0x3)
[2019.02.26-03.35.32:171][289]LogUnrealEdMisc: Warning: Heartbeat event firing too frequently (10.129 sec). This should never happen. Something is wrong with the timer delegate!
[2019.02.26-03.36.43:286][497]LogInit: XAudio2 using 'Speakers / Headphones (Realtek(R) Audio)' : 2 channels at 44.1 kHz using 32 bits per sample (channel mask 0x3)
[2019.02.26-03.41.35:394][350]LogInit: XAudio2 using 'Speakers / Headphones (Realtek(R) Audio)' : 2 channels at 44.1 kHz using 32 bits per sample (channel mask 0x3)
[2019.02.26-03.42.20:218][484]LogInit: XAudio2 using 'Speakers / Headphones (Realtek(R) Audio)' : 2 channels at 44.1 kHz using 32 bits per sample (channel mask 0x3)
[2019.02.26-03.42.28:892][510]LogInit: XAudio2 using 'Speakers / Headphones (Realtek(R) Audio)' : 2 channels at 44.1 kHz using 32 bits per sample (channel mask 0x3)
[2019.02.26-03.45.56:969][142]LogSlate: FSceneViewport::OnFocusLost() reason 0
[2019.02.26-03.45.57:165][144]LogSlate: Window 'Dialogue - Unreal Editor' being destroyed
[2019.02.26-03.45.57:604][145]Cmd: QUIT_EDITOR
[2019.02.26-03.45.57:672][145]LogExit: Preparing to exit.
[2019.02.26-03.45.58:724][145]LogExit: Editor shut down
[2019.02.26-03.45.58:724][145]LogExit: Transaction tracking system shut down
[2019.02.26-03.45.59:005][145]LogExit: Object subsystem successfully closed.
[2019.02.26-03.45.59:023][145]LogShaderCompilers: Display: Shaders left to compile 0
[2019.02.26-03.45.59:028][145]LogD3D11RHI: Shutdown
[2019.02.26-03.45.59:028][145]LogD3D11RHI: CleanupD3DDevice
[2019.02.26-03.45.59:048][145]LogD3D11RHI: [IntelMetricsDiscovery] Stopped
[2019.02.26-03.45.59:048][145]LogD3D11RHI: ~FD3D11DynamicRHI
[2019.02.26-03.45.59:092][145]LogModuleManager: Shutting down and abandoning module HierarchicalLODOutliner (646)
[2019.02.26-03.45.59:092][145]LogModuleManager: Shutting down and abandoning module SceneOutliner (644)
[2019.02.26-03.45.59:092][145]LogModuleManager: Shutting down and abandoning module AddContentDialog (642)
[2019.02.26-03.45.59:093][145]LogModuleManager: Shutting down and abandoning module WidgetCarousel (641)
[2019.02.26-03.45.59:093][145]LogModuleManager: Shutting down and abandoning module EditorWidgets (638)
[2019.02.26-03.45.59:093][145]LogModuleManager: Shutting down and abandoning module CollectionManager (636)
[2019.02.26-03.45.59:093][145]LogModuleManager: Shutting down and abandoning module HierarchicalLODUtilities (634)
[2019.02.26-03.45.59:093][145]LogModuleManager: Shutting down and abandoning module StatsViewer (632)
[2019.02.26-03.45.59:093][145]LogModuleManager: Shutting down and abandoning module FoliageEdit (630)
[2019.02.26-03.45.59:094][145]LogModuleManager: Shutting down and abandoning module LandscapeEditor (628)
[2019.02.26-03.45.59:094][145]LogModuleManager: Shutting down and abandoning module MeshPaintMode (626)
[2019.02.26-03.45.59:094][145]LogModuleManager: Shutting down and abandoning module SceneDepthPickerMode (624)
[2019.02.26-03.45.59:094][145]LogModuleManager: Shutting down and abandoning module ActorPickerMode (622)
[2019.02.26-03.45.59:094][145]LogModuleManager: Shutting down and abandoning module GeometryMode (620)
[2019.02.26-03.45.59:094][145]LogModuleManager: Shutting down and abandoning module TextureAlignMode (618)
[2019.02.26-03.45.59:094][145]LogModuleManager: Shutting down and abandoning module BspMode (616)
[2019.02.26-03.45.59:094][145]LogModuleManager: Shutting down and abandoning module PIEPreviewDeviceProfileSelector (614)
[2019.02.26-03.45.59:094][145]LogModuleManager: Shutting down and abandoning module SequenceRecorderSections (612)
[2019.02.26-03.45.59:094][145]LogModuleManager: Shutting down and abandoning module AutomationWorker (610)
[2019.02.26-03.45.59:094][145]LogModuleManager: Shutting down and abandoning module DatasmithFBXImporter (608)
[2019.02.26-03.45.59:094][145]LogModuleManager: Shutting down and abandoning module DatasmithDeltaGenImporter (606)
[2019.02.26-03.45.59:094][145]LogModuleManager: Shutting down and abandoning module DatasmithVREDImporter (604)
[2019.02.26-03.45.59:094][145]LogModuleManager: Shutting down and abandoning module AudioCaptureEditor (602)
[2019.02.26-03.45.59:094][145]LogModuleManager: Shutting down and abandoning module MatineeToLevelSequence (600)
[2019.02.26-03.45.59:094][145]LogModuleManager: Shutting down and abandoning module LevelSequenceEditor (598)
[2019.02.26-03.45.59:094][145]LogModuleManager: Shutting down and abandoning module PlacementMode (597)
[2019.02.26-03.45.59:094][145]LogModuleManager: Shutting down and abandoning module MaterialEditor (596)
[2019.02.26-03.45.59:094][145]LogModuleManager: Shutting down and abandoning module WmfMediaFactory (592)
[2019.02.26-03.45.59:095][145]LogModuleManager: Shutting down and abandoning module WmfMediaEditor (590)
[2019.02.26-03.45.59:095][145]LogModuleManager: Shutting down and abandoning module WebMMediaFactory (588)
[2019.02.26-03.45.59:095][145]LogModuleManager: Shutting down and abandoning module WebMMediaEditor (586)
[2019.02.26-03.45.59:095][145]LogModuleManager: Shutting down and abandoning module WebMMedia (584)
[2019.02.26-03.45.59:095][145]LogModuleManager: Shutting down and abandoning module MediaPlayerEditor (582)
[2019.02.26-03.45.59:095][145]LogModuleManager: Shutting down and abandoning module MediaCompositingEditor (580)
[2019.02.26-03.45.59:095][145]LogModuleManager: Shutting down and abandoning module SequenceRecorder (579)
[2019.02.26-03.45.59:095][145]LogModuleManager: Shutting down and abandoning module OpenExrWrapper (576)
[2019.02.26-03.45.59:095][145]LogModuleManager: Shutting down and abandoning module ImgMediaFactory (574)
[2019.02.26-03.45.59:095][145]LogModuleManager: Shutting down and abandoning module ImgMediaEditor (572)
[2019.02.26-03.45.59:095][145]LogModuleManager: Shutting down and abandoning module AvfMediaFactory (570)
[2019.02.26-03.45.59:095][145]LogModuleManager: Shutting down and abandoning module AvfMediaEditor (568)
[2019.02.26-03.45.59:095][145]LogModuleManager: Shutting down and abandoning module AndroidMediaFactory (566)
[2019.02.26-03.45.59:095][145]LogModuleManager: Shutting down and abandoning module AndroidMediaEditor (564)
[2019.02.26-03.45.59:095][145]LogModuleManager: Shutting down and abandoning module MagicLeapCameraPreviewFactory (562)
[2019.02.26-03.45.59:095][145]LogModuleManager: Shutting down and abandoning module MagicLeapMediaFactory (560)
[2019.02.26-03.45.59:095][145]LogModuleManager: Shutting down and abandoning module MagicLeapMediaEditor (558)
[2019.02.26-03.45.59:095][145]LogModuleManager: Shutting down and abandoning module CharacterAI (556)
[2019.02.26-03.45.59:095][145]LogModuleManager: Shutting down and abandoning module SmartSnapping (554)
[2019.02.26-03.45.59:095][145]LogModuleManager: Shutting down and abandoning module SessionServices (552)
[2019.02.26-03.45.59:095][145]LogModuleManager: Shutting down and abandoning module ViewportSnapping (550)
[2019.02.26-03.45.59:095][145]LogModuleManager: Shutting down and abandoning module ViewportInteraction (548)
[2019.02.26-03.45.59:095][145]LogModuleManager: Shutting down and abandoning module ClothPainter (546)
[2019.02.26-03.45.59:095][145]LogModuleManager: Shutting down and abandoning module SkeletalMeshEditor (545)
[2019.02.26-03.45.59:096][145]LogModuleManager: Shutting down and abandoning module LogVisualizer (542)
[2019.02.26-03.45.59:096][145]LogModuleManager: Shutting down and abandoning module IntroTutorials (540)
[2019.02.26-03.45.59:096][145]LogModuleManager: Shutting down and abandoning module GameProjectGeneration (539)
[2019.02.26-03.45.59:096][145]LogModuleManager: Shutting down and abandoning module LuminPlatformEditor (536)
[2019.02.26-03.45.59:096][145]LogModuleManager: Shutting down and abandoning module IOSPlatformEditor (534)
[2019.02.26-03.45.59:096][145]LogModuleManager: Shutting down and abandoning module HTML5PlatformEditor (532)
[2019.02.26-03.45.59:096][145]LogModuleManager: Shutting down and abandoning module AndroidPlatformEditor (530)
[2019.02.26-03.45.59:096][145]LogModuleManager: Shutting down and abandoning module AndroidDeviceDetection (529)
[2019.02.26-03.46.00:313][145]LogModuleManager: Shutting down and abandoning module WindowsPlatformEditor (526)
[2019.02.26-03.46.00:313][145]LogModuleManager: Shutting down and abandoning module LuminRuntimeSettings (524)
[2019.02.26-03.46.00:313][145]LogModuleManager: Shutting down and abandoning module IOSRuntimeSettings (522)
[2019.02.26-03.46.00:313][145]LogModuleManager: Shutting down and abandoning module AndroidRuntimeSettings (520)
[2019.02.26-03.46.00:313][145]LogModuleManager: Shutting down and abandoning module TimeManagementEditor (518)
[2019.02.26-03.46.00:313][145]LogModuleManager: Shutting down and abandoning module InputBindingEditor (516)
[2019.02.26-03.46.00:313][145]LogModuleManager: Shutting down and abandoning module MergeActors (514)
[2019.02.26-03.46.00:313][145]LogModuleManager: Shutting down and abandoning module LocalizationDashboard (512)
[2019.02.26-03.46.00:313][145]LogModuleManager: Shutting down and abandoning module LocalizationService (511)
[2019.02.26-03.46.00:313][145]LogModuleManager: Shutting down and abandoning module HardwareTargeting (508)
[2019.02.26-03.46.00:313][145]LogModuleManager: Shutting down and abandoning module DeviceProfileEditor (506)
[2019.02.26-03.46.00:313][145]LogModuleManager: Shutting down and abandoning module UndoHistory (504)
[2019.02.26-03.46.00:313][145]LogModuleManager: Shutting down and abandoning module XmlParser (502)
[2019.02.26-03.46.00:313][145]LogModuleManager: Shutting down and abandoning module Blutility (500)
[2019.02.26-03.46.00:313][145]LogModuleManager: Shutting down and abandoning module ProjectSettingsViewer (498)
[2019.02.26-03.46.00:313][145]LogModuleManager: Shutting down and abandoning module ProjectTargetPlatformEditor (497)
[2019.02.26-03.46.00:314][145]LogModuleManager: Shutting down and abandoning module EditorSettingsViewer (494)
[2019.02.26-03.46.00:314][145]LogModuleManager: Shutting down and abandoning module SettingsEditor (492)
[2019.02.26-03.46.00:314][145]LogModuleManager: Shutting down and abandoning module ProjectLauncher (490)
[2019.02.26-03.46.00:314][145]LogModuleManager: Shutting down and abandoning module SessionFrontend (488)
[2019.02.26-03.46.00:314][145]LogModuleManager: Shutting down and abandoning module ProfilerClient (486)
[2019.02.26-03.46.00:314][145]LogModuleManager: Shutting down and abandoning module DeviceManager (484)
[2019.02.26-03.46.00:314][145]LogModuleManager: Shutting down and abandoning module TargetDeviceServices (483)
[2019.02.26-03.46.00:408][145]LogModuleManager: Shutting down and abandoning module AutomationController (480)
[2019.02.26-03.46.00:408][145]LogModuleManager: Shutting down and abandoning module AutomationWindow (478)
[2019.02.26-03.46.00:408][145]LogModuleManager: Shutting down and abandoning module Layers (476)
[2019.02.26-03.46.00:408][145]LogModuleManager: Shutting down and abandoning module ComponentVisualizers (474)
[2019.02.26-03.46.00:409][145]LogModuleManager: Shutting down and abandoning module DetailCustomizations (472)
[2019.02.26-03.46.00:410][145]LogModuleManager: Shutting down and abandoning module PackagesDialog (470)
[2019.02.26-03.46.00:410][145]LogModuleManager: Shutting down and abandoning module Persona (468)
[2019.02.26-03.46.00:410][145]LogModuleManager: Shutting down and abandoning module AnimGraph (467)
[2019.02.26-03.46.00:410][145]LogModuleManager: Shutting down and abandoning module Kismet (464)
[2019.02.26-03.46.00:410][145]LogModuleManager: Shutting down and abandoning module GraphEditor (462)
[2019.02.26-03.46.00:410][145]LogModuleManager: Shutting down and abandoning module ClassViewer (460)
[2019.02.26-03.46.00:410][145]LogModuleManager: Shutting down and abandoning module Toolbox (458)
[2019.02.26-03.46.00:410][145]LogModuleManager: Shutting down and abandoning module ModuleUI (456)
[2019.02.26-03.46.00:410][145]LogModuleManager: Shutting down and abandoning module MovieSceneTools (454)
[2019.02.26-03.46.00:410][145]LogModuleManager: Shutting down and abandoning module OutputLog (452)
[2019.02.26-03.46.00:411][145]LogModuleManager: Shutting down and abandoning module GammaUI (450)
[2019.02.26-03.46.00:411][145]LogModuleManager: Shutting down and abandoning module Documentation (448)
[2019.02.26-03.46.00:411][145]LogModuleManager: Shutting down and abandoning module MovieSceneTracks (446)
[2019.02.26-03.46.00:411][145]LogModuleManager: Shutting down and abandoning module MovieScene (444)
[2019.02.26-03.46.00:411][145]LogModuleManager: Shutting down and abandoning module StreamingPauseRendering (442)
[2019.02.26-03.46.00:411][145]LogModuleManager: Shutting down and abandoning module LauncherPlatform (440)
[2019.02.26-03.46.00:411][145]LogModuleManager: Shutting down and abandoning module AnalyticsET (438)
[2019.02.26-03.46.00:411][145]LogModuleManager: Shutting down and abandoning module PortalServices (436)
[2019.02.26-03.46.00:411][145]LogModuleManager: Shutting down and abandoning module PortalRpc (434)
[2019.02.26-03.46.00:411][145]LogModuleManager: Shutting down and abandoning module MessagingRpc (432)
[2019.02.26-03.46.00:411][145]LogModuleManager: Shutting down and abandoning module AIModule (430)
[2019.02.26-03.46.00:411][145]LogModuleManager: Shutting down and abandoning module GameplayDebugger (429)
[2019.02.26-03.46.00:411][145]LogModuleManager: Shutting down and abandoning module AITestSuite (427)
[2019.02.26-03.46.00:411][145]LogModuleManager: Shutting down and abandoning module NavigationSystem (425)
[2019.02.26-03.46.00:411][145]LogModuleManager: Shutting down and abandoning module DesktopPlatform (422)
[2019.02.26-03.46.00:411][145]LogModuleManager: Shutting down and abandoning module ImageWriteQueue (420)
[2019.02.26-03.46.00:424][145]LogModuleManager: Shutting down and abandoning module ProfilerService (418)
[2019.02.26-03.46.00:564][145]LogModuleManager: Shutting down and abandoning module TaskGraph (416)
[2019.02.26-03.46.00:564][145]LogModuleManager: Shutting down and abandoning module DatasmithCADImporter (414)
[2019.02.26-03.46.00:568][145]LogModuleManager: Shutting down and abandoning module VariantManager (412)
[2019.02.26-03.46.00:568][145]LogModuleManager: Shutting down and abandoning module StaticMeshEditorExtension (410)
[2019.02.26-03.46.00:568][145]LogModuleManager: Shutting down and abandoning module StaticMeshEditor (409)
[2019.02.26-03.46.00:568][145]LogModuleManager: Shutting down and abandoning module AdvancedPreviewScene (408)
[2019.02.26-03.46.00:568][145]LogModuleManager: Shutting down and abandoning module MeshProcessingLibrary (405)
[2019.02.26-03.46.00:568][145]LogModuleManager: Shutting down and abandoning module MDLImporter (402)
[2019.02.26-03.46.00:568][145]LogModuleManager: Shutting down and abandoning module DatasmithImporter (400)
[2019.02.26-03.46.00:569][145]LogModuleManager: Shutting down and abandoning module SteamVRController (398)
[2019.02.26-03.46.00:569][145]LogModuleManager: Shutting down and abandoning module ProceduralMeshComponentEditor (396)
[2019.02.26-03.46.00:569][145]LogModuleManager: Shutting down and abandoning module ProceduralMeshComponent (394)
[2019.02.26-03.46.00:569][145]LogModuleManager: Shutting down and abandoning module OculusInput (392)
[2019.02.26-03.46.00:569][145]LogModuleManager: Shutting down and abandoning module MobilePatchingUtils (390)
[2019.02.26-03.46.00:569][145]LogModuleManager: Shutting down and abandoning module EditableMesh (388)
[2019.02.26-03.46.00:569][145]LogModuleManager: Shutting down and abandoning module CustomMeshComponent (386)
[2019.02.26-03.46.00:569][145]LogModuleManager: Shutting down and abandoning module CableComponent (384)
[2019.02.26-03.46.00:569][145]LogModuleManager: Shutting down and abandoning module AudioCapture (382)
[2019.02.26-03.46.00:569][145]LogModuleManager: Shutting down and abandoning module ArchVisCharacter (380)
[2019.02.26-03.46.00:569][145]LogModuleManager: Shutting down and abandoning module AndroidPermission (378)
[2019.02.26-03.46.00:569][145]LogModuleManager: Shutting down and abandoning module NUTUnrealEngine4 (376)
[2019.02.26-03.46.00:569][145]LogModuleManager: Shutting down and abandoning module NetcodeUnitTest (374)
[2019.02.26-03.46.00:569][145]LogModuleManager: Shutting down and abandoning module MediaCompositing (372)
[2019.02.26-03.46.00:569][145]LogModuleManager: Shutting down and abandoning module LinearTimecode (370)
[2019.02.26-03.46.00:569][145]LogModuleManager: Shutting down and abandoning module ImgMedia (368)
[2019.02.26-03.46.00:578][145]LogModuleManager: Shutting down and abandoning module HTML5Networking (366)
[2019.02.26-03.46.00:578][145]LogModuleManager: Shutting down and abandoning module GeometryCacheTracks (364)
[2019.02.26-03.46.00:578][145]LogModuleManager: Shutting down and abandoning module GeometryCacheSequencer (362)
[2019.02.26-03.46.00:578][145]LogModuleManager: Shutting down and abandoning module BackChannel (360)
[2019.02.26-03.46.00:578][145]LogModuleManager: Shutting down and abandoning module AppleVision (358)
[2019.02.26-03.46.00:578][145]LogModuleManager: Shutting down and abandoning module AppleImageUtilsBlueprintSupport (356)
[2019.02.26-03.46.00:578][145]LogModuleManager: Shutting down and abandoning module AppleImageUtils (354)
[2019.02.26-03.46.00:578][145]LogModuleManager: Shutting down and abandoning module AlembicImporter (352)
[2019.02.26-03.46.00:578][145]LogModuleManager: Shutting down and abandoning module AlembicLibrary (351)
[2019.02.26-03.46.00:578][145]LogModuleManager: Shutting down and abandoning module GeometryCache (350)
[2019.02.26-03.46.00:578][145]LogModuleManager: Shutting down and abandoning module GeometryCacheEd (349)
[2019.02.26-03.46.00:578][145]LogModuleManager: Shutting down and abandoning module VariantManagerContent (344)
[2019.02.26-03.46.00:578][145]LogModuleManager: Shutting down and abandoning module DatasmithContentEditor (342)
[2019.02.26-03.46.00:578][145]LogModuleManager: Shutting down and abandoning module SpeedTreeImporter (340)
[2019.02.26-03.46.00:578][145]LogModuleManager: Shutting down and abandoning module PluginBrowser (338)
[2019.02.26-03.46.00:578][145]LogModuleManager: Shutting down and abandoning module MobileLauncherProfileWizard (336)
[2019.02.26-03.46.00:578][145]LogModuleManager: Shutting down and abandoning module PolygonModeling (334)
[2019.02.26-03.46.00:578][145]LogModuleManager: Shutting down and abandoning module MeshEditor (332)
[2019.02.26-03.46.00:579][145]LogModuleManager: Shutting down and abandoning module EditorScriptingUtilities (330)
[2019.02.26-03.46.00:579][145]LogModuleManager: Shutting down and abandoning module CryptoKeysOpenSSL (328)
[2019.02.26-03.46.00:579][145]LogModuleManager: Shutting down and abandoning module CryptoKeys (326)
[2019.02.26-03.46.00:579][145]LogModuleManager: Shutting down and abandoning module VisualStudioSourceCodeAccess (324)
[2019.02.26-03.46.00:579][145]LogModuleManager: Shutting down and abandoning module VisualStudioCodeSourceCodeAccess (322)
[2019.02.26-03.46.00:579][145]LogModuleManager: Shutting down and abandoning module UObjectPlugin (320)
[2019.02.26-03.46.00:579][145]LogModuleManager: Shutting down and abandoning module SubversionSourceControl (318)
[2019.02.26-03.46.00:579][145]LogModuleManager: Shutting down and abandoning module PerforceSourceControl (316)
[2019.02.26-03.46.00:579][145]LogModuleManager: Shutting down and abandoning module GitSourceControl (314)
[2019.02.26-03.46.00:579][145]LogModuleManager: Shutting down and abandoning module SourceControl (313)
[2019.02.26-03.46.00:579][145]LogModuleManager: Shutting down and abandoning module CLionSourceCodeAccess (310)
[2019.02.26-03.46.00:579][145]LogModuleManager: Shutting down and abandoning module ActorLayerUtilitiesEditor (308)
[2019.02.26-03.46.00:579][145]LogModuleManager: Shutting down and abandoning module ActorLayerUtilities (306)
[2019.02.26-03.46.00:579][145]LogModuleManager: Shutting down and abandoning module LightPropagationVolumeEditor (304)
[2019.02.26-03.46.00:579][145]LogModuleManager: Shutting down and abandoning module PaperTiledImporter (302)
[2019.02.26-03.46.00:579][145]LogModuleManager: Shutting down and abandoning module PaperSpriteSheetImporter (300)
[2019.02.26-03.46.00:579][145]LogModuleManager: Shutting down and abandoning module Paper2DEditor (298)
[2019.02.26-03.46.00:579][145]LogModuleManager: Shutting down and abandoning module MeshPaint (297)
[2019.02.26-03.46.00:579][145]LogModuleManager: Shutting down and abandoning module RuntimePhysXCooking (294)
[2019.02.26-03.46.00:579][145]LogModuleManager: Shutting down and abandoning module PhysXVehiclesEditor (292)
[2019.02.26-03.46.00:579][145]LogModuleManager: Shutting down and abandoning module PhysXVehicles (290)
[2019.02.26-03.46.00:579][145]LogModuleManager: Shutting down and abandoning module OculusEditor (288)
[2019.02.26-03.46.00:579][145]LogModuleManager: Shutting down and abandoning module LocationServicesBPLibrary (286)
[2019.02.26-03.46.00:579][145]LogModuleManager: Shutting down and abandoning module ActorSequence (284)
[2019.02.26-03.46.00:579][145]LogModuleManager: Shutting down and abandoning module UdpMessaging (282)
[2019.02.26-03.46.00:680][145]LogModuleManager: Shutting down and abandoning module TcpMessaging (280)
[2019.02.26-03.46.00:781][145]LogModuleManager: Shutting down and abandoning module MagicLeapAudio (278)
[2019.02.26-03.46.00:781][145]LogModuleManager: Shutting down and abandoning module GameplayTagsEditor (276)
[2019.02.26-03.46.00:781][145]LogModuleManager: Shutting down and abandoning module FacialAnimationEditor (274)
[2019.02.26-03.46.00:781][145]LogModuleManager: Shutting down and abandoning module FacialAnimation (272)
[2019.02.26-03.46.00:781][145]LogModuleManager: Shutting down and abandoning module DataValidation (270)
[2019.02.26-03.46.00:781][145]LogModuleManager: Shutting down and abandoning module AssetManagerEditor (268)
[2019.02.26-03.46.00:781][145]LogModuleManager: Shutting down and abandoning module LevelEditor (267)
[2019.02.26-03.46.00:783][145]LogModuleManager: Shutting down and abandoning module PixelInspectorModule (266)
[2019.02.26-03.46.00:783][145]LogModuleManager: Shutting down and abandoning module CommonMenuExtensions (264)
[2019.02.26-03.46.00:784][145]LogModuleManager: Shutting down and abandoning module MainFrame (262)
[2019.02.26-03.46.00:784][145]LogModuleManager: Shutting down and abandoning module HotReload (261)
[2019.02.26-03.46.00:789][145]LogModuleManager: Shutting down and abandoning module ContentBrowser (257)
[2019.02.26-03.46.00:791][145]LogModuleManager: Shutting down and abandoning module TreeMap (255)
[2019.02.26-03.46.00:792][145]LogModuleManager: Shutting down and abandoning module LightPropagationVolumeRuntime (252)
[2019.02.26-03.46.00:792][145]LogModuleManager: Shutting down and abandoning module AISupportModule (250)
[2019.02.26-03.46.00:792][145]LogModuleManager: Shutting down and abandoning module Paper2D (248)
[2019.02.26-03.46.00:792][145]LogModuleManager: Shutting down and abandoning module WindowsMoviePlayer (246)
[2019.02.26-03.46.00:792][145]LogModuleManager: Shutting down and abandoning module WebMMoviePlayer (244)
[2019.02.26-03.46.00:792][145]LogModuleManager: Shutting down and abandoning module WmfMedia (242)
[2019.02.26-03.46.00:798][145]LogModuleManager: Shutting down and abandoning module Media (241)
[2019.02.26-03.46.00:807][145]LogModuleManager: Shutting down and abandoning module PacketHandler (238)
[2019.02.26-03.46.00:807][145]LogModuleManager: Shutting down and abandoning module ClothingSystemEditor (236)
[2019.02.26-03.46.00:807][145]LogModuleManager: Shutting down and abandoning module ClothingSystemRuntime (234)
[2019.02.26-03.46.00:807][145]LogModuleManager: Shutting down and abandoning module MediaAssets (232)
[2019.02.26-03.46.00:807][145]LogModuleManager: Shutting down and abandoning module Overlay (230)
[2019.02.26-03.46.00:807][145]LogModuleManager: Shutting down and abandoning module OverlayEditor (229)
[2019.02.26-03.46.00:807][145]LogModuleManager: Shutting down and abandoning module VREditor (226)
[2019.02.26-03.46.00:807][145]LogModuleManager: Shutting down and abandoning module StringTableEditor (224)
[2019.02.26-03.46.00:807][145]LogModuleManager: Shutting down and abandoning module GameplayTasksEditor (222)
[2019.02.26-03.46.00:807][145]LogModuleManager: Shutting down and abandoning module BehaviorTreeEditor (220)
[2019.02.26-03.46.00:807][145]LogModuleManager: Shutting down and abandoning module FunctionalTesting (218)
[2019.02.26-03.46.00:807][145]LogModuleManager: Shutting down and abandoning module CollisionAnalyzer (216)
[2019.02.26-03.46.00:807][145]LogModuleManager: Shutting down and abandoning module WorkspaceMenuStructure (215)
[2019.02.26-03.46.00:808][145]LogModuleManager: Shutting down and abandoning module UMG (212)
[2019.02.26-03.46.00:808][145]LogModuleManager: Shutting down and abandoning module UMGEditor (211)
[2019.02.26-03.46.00:808][145]LogModuleManager: Shutting down and abandoning module Sequencer (210)
[2019.02.26-03.46.00:808][145]LogModuleManager: Shutting down and abandoning module MessageLog (207)
[2019.02.26-03.46.00:808][145]LogModuleManager: Shutting down and abandoning module SlateReflector (202)
[2019.02.26-03.46.00:808][145]LogModuleManager: Shutting down and abandoning module Slate (200)
[2019.02.26-03.46.00:808][145]LogModuleManager: Shutting down and abandoning module EditorStyle (198)
[2019.02.26-03.46.00:810][145]LogModuleManager: Shutting down and abandoning module MRMesh (196)
[2019.02.26-03.46.00:810][145]LogModuleManager: Shutting down and abandoning module SourceCodeAccess (194)
[2019.02.26-03.46.00:810][145]LogModuleManager: Shutting down and abandoning module HeadMountedDisplay (192)
[2019.02.26-03.46.00:810][145]LogModuleManager: Shutting down and abandoning module XAudio2 (190)
[2019.02.26-03.46.00:810][145]LogModuleManager: Shutting down and abandoning module Networking (188)
[2019.02.26-03.46.00:810][145]LogModuleManager: Shutting down and abandoning module Core (186)
[2019.02.26-03.46.00:810][145]LogModuleManager: Shutting down and abandoning module LevelSequence (184)
[2019.02.26-03.46.00:810][145]LogModuleManager: Shutting down and abandoning module KismetCompiler (182)
[2019.02.26-03.46.00:810][145]LogModuleManager: Shutting down and abandoning module MeshUtilities (180)
[2019.02.26-03.46.00:810][145]LogModuleManager: Shutting down and abandoning module MeshMergeUtilities (179)
[2019.02.26-03.46.00:810][145]LogModuleManager: Shutting down and abandoning module MeshReductionInterface (178)
[2019.02.26-03.46.00:810][145]LogModuleManager: Shutting down and abandoning module SimplygonSwarm (177)
[2019.02.26-03.46.00:810][145]LogModuleManager: Shutting down and abandoning module ProxyLODMeshReduction (175)
[2019.02.26-03.46.00:810][145]LogModuleManager: Shutting down and abandoning module SimplygonMeshReduction (173)
[2019.02.26-03.46.00:810][145]LogModuleManager: Shutting down and abandoning module QuadricMeshReduction (171)
[2019.02.26-03.46.00:811][145]LogModuleManager: Shutting down and abandoning module MaterialBaking (167)
[2019.02.26-03.46.00:811][145]LogModuleManager: Shutting down and abandoning module DirectoryWatcher (163)
[2019.02.26-03.46.00:811][145]LogModuleManager: Shutting down and abandoning module DerivedDataCache (160)
[2019.02.26-03.46.00:826][145]LogDerivedDataCache: Shutdown
[2019.02.26-03.46.00:826][145]LogModuleManager: Shutting down and abandoning module XGEController (158)
[2019.02.26-03.46.00:826][145]LogXGEController: Cleaning working directory: C:/Users/rdito/AppData/Local/Temp/UnrealXGEWorkingDir/
[2019.02.26-03.46.00:827][145]LogModuleManager: Shutting down and abandoning module TargetPlatform (156)
[2019.02.26-03.46.00:827][145]LogModuleManager: Shutting down and abandoning module VulkanShaderFormat (155)
[2019.02.26-03.46.00:827][145]LogModuleManager: Shutting down and abandoning module ShaderFormatVectorVM (153)
[2019.02.26-03.46.00:827][145]LogModuleManager: Shutting down and abandoning module ShaderFormatOpenGL (151)
[2019.02.26-03.46.00:827][145]LogModuleManager: Shutting down and abandoning module ShaderFormatD3D (149)
[2019.02.26-03.46.00:827][145]LogModuleManager: Shutting down and abandoning module MetalShaderFormat (147)
[2019.02.26-03.46.00:827][145]LogModuleManager: Shutting down and abandoning module TextureFormatUncompressed (145)
[2019.02.26-03.46.00:827][145]LogModuleManager: Shutting down and abandoning module TextureFormatPVR (143)
[2019.02.26-03.46.00:827][145]LogModuleManager: Shutting down and abandoning module TextureFormatDXT (141)
[2019.02.26-03.46.00:827][145]LogModuleManager: Shutting down and abandoning module TextureFormatIntelISPCTexComp (139)
[2019.02.26-03.46.00:828][145]LogModuleManager: Shutting down and abandoning module TextureFormatASTC (137)
[2019.02.26-03.46.00:828][145]LogModuleManager: Shutting down and abandoning module ImageWrapper (136)
[2019.02.26-03.46.00:828][145]LogModuleManager: Shutting down and abandoning module TextureFormatAndroid (133)
[2019.02.26-03.46.00:828][145]LogModuleManager: Shutting down and abandoning module AudioFormatOpus (131)
[2019.02.26-03.46.00:828][145]LogModuleManager: Shutting down and abandoning module AudioFormatOgg (129)
[2019.02.26-03.46.00:828][145]LogModuleManager: Shutting down and abandoning module AudioFormatADPCM (127)
[2019.02.26-03.46.00:828][145]LogModuleManager: Shutting down and abandoning module LuminTargetPlatform (125)
[2019.02.26-03.46.00:829][145]LogModuleManager: Shutting down and abandoning module LinuxTargetPlatform (123)
[2019.02.26-03.46.00:829][145]LogModuleManager: Shutting down and abandoning module LinuxServerTargetPlatform (121)
[2019.02.26-03.46.00:829][145]LogModuleManager: Shutting down and abandoning module LinuxNoEditorTargetPlatform (119)
[2019.02.26-03.46.00:829][145]LogModuleManager: Shutting down and abandoning module LinuxClientTargetPlatform (117)
[2019.02.26-03.46.00:829][145]LogModuleManager: Shutting down and abandoning module TVOSTargetPlatform (115)
[2019.02.26-03.46.00:831][145]LogModuleManager: Shutting down and abandoning module Messaging (113)
[2019.02.26-03.46.00:831][145]LogModuleManager: Shutting down and abandoning module IOSTargetPlatform (111)
[2019.02.26-03.46.00:832][145]LogModuleManager: Shutting down and abandoning module HTML5TargetPlatform (109)
[2019.02.26-03.46.00:832][145]LogModuleManager: Shutting down and abandoning module AndroidTargetPlatform (107)
[2019.02.26-03.46.00:849][145]LogModuleManager: Shutting down and abandoning module WindowsTargetPlatform (105)
[2019.02.26-03.46.00:849][145]LogModuleManager: Shutting down and abandoning module WindowsServerTargetPlatform (103)
[2019.02.26-03.46.00:849][145]LogModuleManager: Shutting down and abandoning module WindowsNoEditorTargetPlatform (101)
[2019.02.26-03.46.00:849][145]LogModuleManager: Shutting down and abandoning module WindowsClientTargetPlatform (99)
[2019.02.26-03.46.00:849][145]LogModuleManager: Shutting down and abandoning module MacTargetPlatform (97)
[2019.02.26-03.46.00:849][145]LogModuleManager: Shutting down and abandoning module MacServerTargetPlatform (95)
[2019.02.26-03.46.00:849][145]LogModuleManager: Shutting down and abandoning module MacNoEditorTargetPlatform (93)
[2019.02.26-03.46.00:849][145]LogModuleManager: Shutting down and abandoning module MacClientTargetPlatform (91)
[2019.02.26-03.46.00:849][145]LogModuleManager: Shutting down and abandoning module AllDesktopTargetPlatform (89)
[2019.02.26-03.46.00:849][145]LogModuleManager: Shutting down and abandoning module InputCore (86)
[2019.02.26-03.46.00:849][145]LogModuleManager: Shutting down and abandoning module Settings (84)
[2019.02.26-03.46.00:849][145]LogModuleManager: Shutting down and abandoning module PhysXCooking (82)
[2019.02.26-03.46.00:849][145]LogModuleManager: Shutting down and abandoning module SteamVR (80)
[2019.02.26-03.46.00:849][145]LogHMD: Freeing OpenVRDLLHandle.
[2019.02.26-03.46.00:849][145]LogModuleManager: Shutting down and abandoning module OculusHMD (78)
[2019.02.26-03.46.00:849][145]LogModuleManager: Shutting down and abandoning module ExampleDeviceProfileSelector (76)
[2019.02.26-03.46.00:849][145]LogModuleManager: Shutting down and abandoning module LauncherChunkInstaller (74)
[2019.02.26-03.46.00:849][145]LogModuleManager: Shutting down and abandoning module OnlineBlueprintSupport (72)
[2019.02.26-03.46.00:849][145]LogModuleManager: Shutting down and abandoning module OnlineSubsystem (68)
[2019.02.26-03.46.00:850][145]LogModuleManager: Shutting down and abandoning module XMPP (63)
[2019.02.26-03.46.00:850][145]LogModuleManager: Shutting down and abandoning module WebSockets (62)
[2019.02.26-03.46.00:884][145]LogModuleManager: Shutting down and abandoning module HTTP (59)
[2019.02.26-03.46.00:884][145]LogHttp: Display: Http module shutting down, but needs to wait on 1 outstanding Http requests:
[2019.02.26-03.46.00:884][145]LogHttp: Display: 	verb=[POST] url=[https://datarouter.ol.epicgames.com/datarouter/api/v1/public/data?SessionID=%7B13362F89-4782-02C5-ED85-A99CC436E175%7D&AppID=UEEditor.Rocket.Release&AppVersion=4.21.2-4753647%2B%2B%2BUE4%2BRelease-4.21&UserID=68498eef46d2c3c167eb7ea0b2fe9a16%7C286485c79b8b45968ff781a47e79fe43%7Cdec7e130-0efc-443c-a468-49636093fc54&AppEnvironment=datacollector-binary&UploadType=eteventstream] status=Processing
[2019.02.26-03.46.00:919][145]LogModuleManager: Shutting down and abandoning module SSL (58)
[2019.02.26-03.46.00:930][145]LogModuleManager: Shutting down and abandoning module MagicLeapIdentity (54)
[2019.02.26-03.46.00:930][145]LogModuleManager: Shutting down and abandoning module MagicLeapHelperVulkan (52)
[2019.02.26-03.46.00:930][145]LogModuleManager: Shutting down and abandoning module MagicLeapHelperOpenGL (50)
[2019.02.26-03.46.00:930][145]LogModuleManager: Shutting down and abandoning module MagicLeapSecureStorage (48)
[2019.02.26-03.46.00:930][145]LogModuleManager: Shutting down and abandoning module MagicLeapHandTracking (46)
[2019.02.26-03.46.00:930][145]LogModuleManager: Shutting down and abandoning module MagicLeapEyeTracker (44)
[2019.02.26-03.46.00:930][145]LogModuleManager: Shutting down and abandoning module MagicLeapController (42)
[2019.02.26-03.46.00:930][145]LogSlate: Slate User Destroyed.  User Index 0, Is Virtual User: 0
[2019.02.26-03.46.00:930][145]LogModuleManager: Shutting down and abandoning module MagicLeap (40)
[2019.02.26-03.46.00:931][145]LogModuleManager: Shutting down and abandoning module DatasmithContent (38)
[2019.02.26-03.46.00:931][145]LogModuleManager: Shutting down and abandoning module AnimationModifiers (36)
[2019.02.26-03.46.00:932][145]LogModuleManager: Shutting down and abandoning module PropertyEditor (35)
[2019.02.26-03.46.00:932][145]LogModuleManager: Shutting down and abandoning module AudioEditor (32)
[2019.02.26-03.46.00:932][145]LogModuleManager: Shutting down and abandoning module TextureCompressor (30)
[2019.02.26-03.46.00:932][145]LogModuleManager: Shutting down and abandoning module ShaderCore (28)
[2019.02.26-03.46.00:932][145]LogModuleManager: Shutting down and abandoning module Landscape (26)
[2019.02.26-03.46.00:932][145]LogModuleManager: Shutting down and abandoning module SlateRHIRenderer (24)
[2019.02.26-03.46.00:933][145]LogModuleManager: Shutting down and abandoning module OpenGLDrv (22)
[2019.02.26-03.46.00:933][145]LogModuleManager: Shutting down and abandoning module D3D11RHI (20)
[2019.02.26-03.46.00:933][145]LogModuleManager: Shutting down and abandoning module AnimGraphRuntime (18)
[2019.02.26-03.46.00:933][145]LogModuleManager: Shutting down and abandoning module Renderer (16)
[2019.02.26-03.46.00:933][145]LogModuleManager: Shutting down and abandoning module Engine (14)
[2019.02.26-03.46.00:933][145]LogModuleManager: Shutting down and abandoning module CoreUObject (12)
[2019.02.26-03.46.00:933][145]LogModuleManager: Shutting down and abandoning module NetworkFile (10)
[2019.02.26-03.46.00:933][145]LogModuleManager: Shutting down and abandoning module CookedIterativeFile (8)
[2019.02.26-03.46.00:933][145]LogModuleManager: Shutting down and abandoning module StreamingFile (6)
[2019.02.26-03.46.00:933][145]LogModuleManager: Shutting down and abandoning module SandboxFile (4)
[2019.02.26-03.46.00:933][145]LogModuleManager: Shutting down and abandoning module PakFile (2)
[2019.02.26-03.46.00:942][145]LogExit: Exiting.
[2019.02.26-03.46.00:994][145]Log file closed, 02/25/19 21:46:00
